#-----------------------------------------------------------
# Webtalk v2019.1 (64-bit)
# SW Build 2552052 on Fri May 24 14:47:09 MDT 2019
# 
# Start of session at: Mon Nov  6 10:58:17 2023
# Process ID: 134928
# Current directory: /home/fkrieger/Desktop/Aloha-HE/Aloha-HE_ZYNQ/Aloha-HE_ZYNQ.sdk/webtalk
# Command line: wbtcv -mode batch -source sdk_webtalk.tcl
# Log file: /home/fkrieger/Desktop/Aloha-HE/Aloha-HE_ZYNQ/Aloha-HE_ZYNQ.sdk/webtalk/webtalk.log
# Journal file: /home/fkrieger/Desktop/Aloha-HE/Aloha-HE_ZYNQ/Aloha-HE_ZYNQ.sdk/webtalk/webtalk.jou
#-----------------------------------------------------------
source sdk_webtalk.tcl
# webtalk_init -webtalk_dir /home/fkrieger/Desktop/Aloha-HE/Aloha-HE_ZYNQ/Aloha-HE_ZYNQ.sdk/webtalk
# webtalk_register_client -client project
# webtalk_add_data -client project -key date_generated -value "2023-11-06 10:58:15" -context "software_version_and_target_device"
# webtalk_add_data -client project -key product_version -value "SDK v2019.1" -context "software_version_and_target_device"
# webtalk_add_data -client project -key build_version -value "2019.1" -context "software_version_and_target_device"
# webtalk_add_data -client project -key os_platform -value "amd64" -context "software_version_and_target_device"
# webtalk_add_data -client project -key registration_id -value "212791380_1777579907_210779915_564" -context "software_version_and_target_device"
# webtalk_add_data -client project -key tool_flow -value "SDK" -context "software_version_and_target_device"
# webtalk_add_data -client project -key beta -value "false" -context "software_version_and_target_device"
# webtalk_add_data -client project -key route_design -value "NA" -context "software_version_and_target_device"
# webtalk_add_data -client project -key target_family -value "NA" -context "software_version_and_target_device"
# webtalk_add_data -client project -key target_device -value "NA" -context "software_version_and_target_device"
# webtalk_add_data -client project -key target_package -value "NA" -context "software_version_and_target_device"
# webtalk_add_data -client project -key target_speed -value "NA" -context "software_version_and_target_device"
# webtalk_add_data -client project -key random_id -value "rp8p1dljqv6c247vrpuin7ft73" -context "software_version_and_target_device"
# webtalk_add_data -client project -key project_id -value "2019.1_15" -context "software_version_and_target_device"
# webtalk_add_data -client project -key project_iteration -value "15" -context "software_version_and_target_device"
# webtalk_add_data -client project -key os_name -value "Ubuntu" -context "user_environment"
# webtalk_add_data -client project -key os_release -value "Ubuntu 20.04.6 LTS" -context "user_environment"
# webtalk_add_data -client project -key cpu_name -value "AMD Ryzen 7 PRO 3700U w/ Radeon Vega Mobile Gfx" -context "user_environment"
# webtalk_add_data -client project -key cpu_speed -value "1400.000 MHz" -context "user_environment"
# webtalk_add_data -client project -key total_processors -value "1" -context "user_environment"
# webtalk_add_data -client project -key system_ram -value "14.522 GB" -context "user_environment"
# webtalk_register_client -client sdk
# webtalk_add_data -client sdk -key uid -value "1699259929000" -context "sdk\\\\hardware/1699259929000"
# webtalk_add_data -client sdk -key isZynq -value "true" -context "sdk\\\\hardware/1699259929000"
# webtalk_add_data -client sdk -key isZynqMP -value "false" -context "sdk\\\\hardware/1699259929000"
# webtalk_add_data -client sdk -key Processors -value "2" -context "sdk\\\\hardware/1699259929000"
# webtalk_add_data -client sdk -key VivadoVersion -value "2019.1" -context "sdk\\\\hardware/1699259929000"
# webtalk_add_data -client sdk -key Arch -value "zynq" -context "sdk\\\\hardware/1699259929000"
# webtalk_add_data -client sdk -key Device -value "7z020" -context "sdk\\\\hardware/1699259929000"
# webtalk_add_data -client sdk -key IsHandoff -value "true" -context "sdk\\\\hardware/1699259929000"
# webtalk_add_data -client sdk -key os -value "NA" -context "sdk\\\\hardware/1699259929000"
# webtalk_add_data -client sdk -key apptemplate -value "NA" -context "sdk\\\\hardware/1699259929000"
# webtalk_add_data -client sdk -key RecordType -value "HWCreation" -context "sdk\\\\hardware/1699259929000"
# webtalk_add_data -client sdk -key uid -value "1699260032000" -context "sdk\\\\bsp/1699260032000"
# webtalk_add_data -client sdk -key hwid -value "1699259929000" -context "sdk\\\\bsp/1699260032000"
# webtalk_add_data -client sdk -key os -value "standalone" -context "sdk\\\\bsp/1699260032000"
# webtalk_add_data -client sdk -key apptemplate -value "empty_application" -context "sdk\\\\bsp/1699260032000"
# webtalk_add_data -client sdk -key RecordType -value "BSPCreation" -context "sdk\\\\bsp/1699260032000"
# webtalk_add_data -client sdk -key uid -value "1699260034000" -context "sdk\\\\application/1699260034000"
# webtalk_add_data -client sdk -key hwid -value "1699259929000" -context "sdk\\\\application/1699260034000"
# webtalk_add_data -client sdk -key bspid -value "1699260032000" -context "sdk\\\\application/1699260034000"
# webtalk_add_data -client sdk -key newbsp -value "true" -context "sdk\\\\application/1699260034000"
# webtalk_add_data -client sdk -key os -value "standalone" -context "sdk\\\\application/1699260034000"
# webtalk_add_data -client sdk -key apptemplate -value "empty_application" -context "sdk\\\\application/1699260034000"
# webtalk_add_data -client sdk -key RecordType -value "APPCreation" -context "sdk\\\\application/1699260034000"
# webtalk_add_data -client sdk -key LangUsed -value "C" -context "sdk\\\\application/1699260034000"
# webtalk_add_data -client sdk -key Procused -value "ps7_cortexa9" -context "sdk\\\\application/1699260034000"
# webtalk_add_data -client sdk -key projSize -value "3390.60546875" -context "sdk\\\\application/1699260034000"
# webtalk_add_data -client sdk -key uid -value "NA" -context "sdk\\\\bsp/1699264695472"
# webtalk_add_data -client sdk -key RecordType -value "ToolUsage" -context "sdk\\\\bsp/1699264695472"
# webtalk_add_data -client sdk -key BootgenCount -value "0" -context "sdk\\\\bsp/1699264695472"
# webtalk_add_data -client sdk -key DebugCount -value "41" -context "sdk\\\\bsp/1699264695472"
# webtalk_add_data -client sdk -key PerfCount -value "0" -context "sdk\\\\bsp/1699264695472"
# webtalk_add_data -client sdk -key FlashCount -value "0" -context "sdk\\\\bsp/1699264695472"
# webtalk_add_data -client sdk -key CrossTriggCount -value "0" -context "sdk\\\\bsp/1699264695472"
# webtalk_add_data -client sdk -key QemuDebugCount -value "0" -context "sdk\\\\bsp/1699264695472"
# webtalk_transmit -clientid 1975602831 -regid "212791380_1777579907_210779915_564" -xml /home/fkrieger/Desktop/Aloha-HE/Aloha-HE_ZYNQ/Aloha-HE_ZYNQ.sdk/webtalk/usage_statistics_ext_sdk.xml -html /home/fkrieger/Desktop/Aloha-HE/Aloha-HE_ZYNQ/Aloha-HE_ZYNQ.sdk/webtalk/usage_statistics_ext_sdk.html -wdm /home/fkrieger/Desktop/Aloha-HE/Aloha-HE_ZYNQ/Aloha-HE_ZYNQ.sdk/webtalk/sdk_webtalk.wdm -intro "<H3>SDK Usage Report</H3><BR>"
# webtalk_terminate
INFO: [Common 17-206] Exiting Webtalk at Mon Nov  6 10:58:18 2023...
