
*** Running vivado
    with args -log AlohaHE_axi_timer_0_0.vds -m64 -product Vivado -mode batch -messageDb vivado.pb -notrace -source AlohaHE_axi_timer_0_0.tcl


****** Vivado v2019.1 (64-bit)
  **** SW Build 2552052 on Fri May 24 14:47:09 MDT 2019
  **** IP Build 2548770 on Fri May 24 18:01:18 MDT 2019
    ** Copyright 1986-2019 Xilinx, Inc. All Rights Reserved.

source AlohaHE_axi_timer_0_0.tcl -notrace
create_project: Time (s): cpu = 00:00:06 ; elapsed = 00:00:07 . Memory (MB): peak = 1403.895 ; gain = 0.023 ; free physical = 2392 ; free virtual = 9175
Command: synth_design -top AlohaHE_axi_timer_0_0 -part xc7k325tffg900-2 -mode out_of_context
Starting synth_design
Attempting to get a license for feature 'Synthesis' and/or device 'xc7k325t'
INFO: [Common 17-349] Got license for feature 'Synthesis' and/or device 'xc7k325t'
INFO: [Device 21-403] Loading part xc7k325tffg900-2
INFO: Launching helper process for spawning children vivado processes
INFO: Helper process launched with PID 13654 
---------------------------------------------------------------------------------
Starting RTL Elaboration : Time (s): cpu = 00:00:08 ; elapsed = 00:00:16 . Memory (MB): peak = 1927.258 ; gain = 152.719 ; free physical = 156 ; free virtual = 5206
---------------------------------------------------------------------------------
INFO: [Synth 8-638] synthesizing module 'AlohaHE_axi_timer_0_0' [/home/fkrieger/Desktop/Aloha-HE/Aloha-HE_Kintex/Aloha-HE_Kintex.srcs/sources_1/bd/AlohaHE/ip/AlohaHE_axi_timer_0_0/synth/AlohaHE_axi_timer_0_0.vhd:90]
	Parameter C_FAMILY bound to: kintex7 - type: string 
	Parameter C_COUNT_WIDTH bound to: 32 - type: integer 
	Parameter C_ONE_TIMER_ONLY bound to: 0 - type: integer 
	Parameter C_TRIG0_ASSERT bound to: 1'b1 
	Parameter C_TRIG1_ASSERT bound to: 1'b1 
	Parameter C_GEN0_ASSERT bound to: 1'b1 
	Parameter C_GEN1_ASSERT bound to: 1'b1 
	Parameter C_S_AXI_DATA_WIDTH bound to: 32 - type: integer 
	Parameter C_S_AXI_ADDR_WIDTH bound to: 5 - type: integer 
INFO: [Synth 8-3491] module 'axi_timer' declared at '/home/fkrieger/Desktop/Aloha-HE/Aloha-HE_Kintex/Aloha-HE_Kintex.srcs/sources_1/bd/AlohaHE/ipshared/a788/hdl/axi_timer_v2_0_vh_rfs.vhd:2084' bound to instance 'U0' of component 'axi_timer' [/home/fkrieger/Desktop/Aloha-HE/Aloha-HE_Kintex/Aloha-HE_Kintex.srcs/sources_1/bd/AlohaHE/ip/AlohaHE_axi_timer_0_0/synth/AlohaHE_axi_timer_0_0.vhd:168]
INFO: [Synth 8-638] synthesizing module 'axi_timer' [/home/fkrieger/Desktop/Aloha-HE/Aloha-HE_Kintex/Aloha-HE_Kintex.srcs/sources_1/bd/AlohaHE/ipshared/a788/hdl/axi_timer_v2_0_vh_rfs.vhd:2139]
	Parameter C_FAMILY bound to: kintex7 - type: string 
	Parameter C_COUNT_WIDTH bound to: 32 - type: integer 
	Parameter C_ONE_TIMER_ONLY bound to: 0 - type: integer 
	Parameter C_TRIG0_ASSERT bound to: 1'b1 
	Parameter C_TRIG1_ASSERT bound to: 1'b1 
	Parameter C_GEN0_ASSERT bound to: 1'b1 
	Parameter C_GEN1_ASSERT bound to: 1'b1 
	Parameter C_S_AXI_DATA_WIDTH bound to: 32 - type: integer 
	Parameter C_S_AXI_ADDR_WIDTH bound to: 5 - type: integer 
INFO: [Synth 8-638] synthesizing module 'tc_core' [/home/fkrieger/Desktop/Aloha-HE/Aloha-HE_Kintex/Aloha-HE_Kintex.srcs/sources_1/bd/AlohaHE/ipshared/a788/hdl/axi_timer_v2_0_vh_rfs.vhd:1700]
	Parameter C_FAMILY bound to: kintex7 - type: string 
	Parameter C_COUNT_WIDTH bound to: 32 - type: integer 
	Parameter C_ONE_TIMER_ONLY bound to: 0 - type: integer 
	Parameter C_DWIDTH bound to: 32 - type: integer 
	Parameter C_AWIDTH bound to: 5 - type: integer 
	Parameter C_TRIG0_ASSERT bound to: 1'b1 
	Parameter C_TRIG1_ASSERT bound to: 1'b1 
	Parameter C_GEN0_ASSERT bound to: 1'b1 
	Parameter C_GEN1_ASSERT bound to: 1'b1 
	Parameter C_ARD_NUM_CE_ARRAY bound to: 32'b00000000000000000000000000001000 
INFO: [Synth 8-638] synthesizing module 'mux_onehot_f' [/home/fkrieger/Desktop/Aloha-HE/Aloha-HE_Kintex/Aloha-HE_Kintex.srcs/sources_1/bd/AlohaHE/ipshared/a788/hdl/axi_timer_v2_0_vh_rfs.vhd:365]
	Parameter C_DW bound to: 32 - type: integer 
	Parameter C_NB bound to: 6 - type: integer 
	Parameter C_FAMILY bound to: kintex7 - type: string 
INFO: [Synth 8-3491] module 'MUXCY' declared at '/opt/Xilinx/Vivado/2019.1/scripts/rt/data/unisim_comp.v:42746' bound to instance 'MUXCY_I' of component 'MUXCY' [/home/fkrieger/Desktop/Aloha-HE/Aloha-HE_Kintex/Aloha-HE_Kintex.srcs/sources_1/bd/AlohaHE/ipshared/a788/hdl/axi_timer_v2_0_vh_rfs.vhd:462]
INFO: [Synth 8-6157] synthesizing module 'MUXCY' [/opt/Xilinx/Vivado/2019.1/scripts/rt/data/unisim_comp.v:42746]
INFO: [Synth 8-6155] done synthesizing module 'MUXCY' (1#1) [/opt/Xilinx/Vivado/2019.1/scripts/rt/data/unisim_comp.v:42746]
INFO: [Synth 8-3491] module 'MUXCY' declared at '/opt/Xilinx/Vivado/2019.1/scripts/rt/data/unisim_comp.v:42746' bound to instance 'MUXCY_I' of component 'MUXCY' [/home/fkrieger/Desktop/Aloha-HE/Aloha-HE_Kintex/Aloha-HE_Kintex.srcs/sources_1/bd/AlohaHE/ipshared/a788/hdl/axi_timer_v2_0_vh_rfs.vhd:462]
INFO: [Synth 8-3491] module 'MUXCY' declared at '/opt/Xilinx/Vivado/2019.1/scripts/rt/data/unisim_comp.v:42746' bound to instance 'MUXCY_I' of component 'MUXCY' [/home/fkrieger/Desktop/Aloha-HE/Aloha-HE_Kintex/Aloha-HE_Kintex.srcs/sources_1/bd/AlohaHE/ipshared/a788/hdl/axi_timer_v2_0_vh_rfs.vhd:462]
INFO: [Synth 8-3491] module 'MUXCY' declared at '/opt/Xilinx/Vivado/2019.1/scripts/rt/data/unisim_comp.v:42746' bound to instance 'MUXCY_I' of component 'MUXCY' [/home/fkrieger/Desktop/Aloha-HE/Aloha-HE_Kintex/Aloha-HE_Kintex.srcs/sources_1/bd/AlohaHE/ipshared/a788/hdl/axi_timer_v2_0_vh_rfs.vhd:462]
INFO: [Synth 8-3491] module 'MUXCY' declared at '/opt/Xilinx/Vivado/2019.1/scripts/rt/data/unisim_comp.v:42746' bound to instance 'MUXCY_I' of component 'MUXCY' [/home/fkrieger/Desktop/Aloha-HE/Aloha-HE_Kintex/Aloha-HE_Kintex.srcs/sources_1/bd/AlohaHE/ipshared/a788/hdl/axi_timer_v2_0_vh_rfs.vhd:462]
INFO: [Synth 8-3491] module 'MUXCY' declared at '/opt/Xilinx/Vivado/2019.1/scripts/rt/data/unisim_comp.v:42746' bound to instance 'MUXCY_I' of component 'MUXCY' [/home/fkrieger/Desktop/Aloha-HE/Aloha-HE_Kintex/Aloha-HE_Kintex.srcs/sources_1/bd/AlohaHE/ipshared/a788/hdl/axi_timer_v2_0_vh_rfs.vhd:462]
INFO: [Synth 8-3491] module 'MUXCY' declared at '/opt/Xilinx/Vivado/2019.1/scripts/rt/data/unisim_comp.v:42746' bound to instance 'MUXCY_I' of component 'MUXCY' [/home/fkrieger/Desktop/Aloha-HE/Aloha-HE_Kintex/Aloha-HE_Kintex.srcs/sources_1/bd/AlohaHE/ipshared/a788/hdl/axi_timer_v2_0_vh_rfs.vhd:462]
INFO: [Synth 8-3491] module 'MUXCY' declared at '/opt/Xilinx/Vivado/2019.1/scripts/rt/data/unisim_comp.v:42746' bound to instance 'MUXCY_I' of component 'MUXCY' [/home/fkrieger/Desktop/Aloha-HE/Aloha-HE_Kintex/Aloha-HE_Kintex.srcs/sources_1/bd/AlohaHE/ipshared/a788/hdl/axi_timer_v2_0_vh_rfs.vhd:462]
INFO: [Synth 8-3491] module 'MUXCY' declared at '/opt/Xilinx/Vivado/2019.1/scripts/rt/data/unisim_comp.v:42746' bound to instance 'MUXCY_I' of component 'MUXCY' [/home/fkrieger/Desktop/Aloha-HE/Aloha-HE_Kintex/Aloha-HE_Kintex.srcs/sources_1/bd/AlohaHE/ipshared/a788/hdl/axi_timer_v2_0_vh_rfs.vhd:462]
INFO: [Synth 8-3491] module 'MUXCY' declared at '/opt/Xilinx/Vivado/2019.1/scripts/rt/data/unisim_comp.v:42746' bound to instance 'MUXCY_I' of component 'MUXCY' [/home/fkrieger/Desktop/Aloha-HE/Aloha-HE_Kintex/Aloha-HE_Kintex.srcs/sources_1/bd/AlohaHE/ipshared/a788/hdl/axi_timer_v2_0_vh_rfs.vhd:462]
INFO: [Synth 8-3491] module 'MUXCY' declared at '/opt/Xilinx/Vivado/2019.1/scripts/rt/data/unisim_comp.v:42746' bound to instance 'MUXCY_I' of component 'MUXCY' [/home/fkrieger/Desktop/Aloha-HE/Aloha-HE_Kintex/Aloha-HE_Kintex.srcs/sources_1/bd/AlohaHE/ipshared/a788/hdl/axi_timer_v2_0_vh_rfs.vhd:462]
INFO: [Synth 8-3491] module 'MUXCY' declared at '/opt/Xilinx/Vivado/2019.1/scripts/rt/data/unisim_comp.v:42746' bound to instance 'MUXCY_I' of component 'MUXCY' [/home/fkrieger/Desktop/Aloha-HE/Aloha-HE_Kintex/Aloha-HE_Kintex.srcs/sources_1/bd/AlohaHE/ipshared/a788/hdl/axi_timer_v2_0_vh_rfs.vhd:462]
INFO: [Synth 8-3491] module 'MUXCY' declared at '/opt/Xilinx/Vivado/2019.1/scripts/rt/data/unisim_comp.v:42746' bound to instance 'MUXCY_I' of component 'MUXCY' [/home/fkrieger/Desktop/Aloha-HE/Aloha-HE_Kintex/Aloha-HE_Kintex.srcs/sources_1/bd/AlohaHE/ipshared/a788/hdl/axi_timer_v2_0_vh_rfs.vhd:462]
INFO: [Synth 8-3491] module 'MUXCY' declared at '/opt/Xilinx/Vivado/2019.1/scripts/rt/data/unisim_comp.v:42746' bound to instance 'MUXCY_I' of component 'MUXCY' [/home/fkrieger/Desktop/Aloha-HE/Aloha-HE_Kintex/Aloha-HE_Kintex.srcs/sources_1/bd/AlohaHE/ipshared/a788/hdl/axi_timer_v2_0_vh_rfs.vhd:462]
INFO: [Synth 8-3491] module 'MUXCY' declared at '/opt/Xilinx/Vivado/2019.1/scripts/rt/data/unisim_comp.v:42746' bound to instance 'MUXCY_I' of component 'MUXCY' [/home/fkrieger/Desktop/Aloha-HE/Aloha-HE_Kintex/Aloha-HE_Kintex.srcs/sources_1/bd/AlohaHE/ipshared/a788/hdl/axi_timer_v2_0_vh_rfs.vhd:462]
INFO: [Synth 8-3491] module 'MUXCY' declared at '/opt/Xilinx/Vivado/2019.1/scripts/rt/data/unisim_comp.v:42746' bound to instance 'MUXCY_I' of component 'MUXCY' [/home/fkrieger/Desktop/Aloha-HE/Aloha-HE_Kintex/Aloha-HE_Kintex.srcs/sources_1/bd/AlohaHE/ipshared/a788/hdl/axi_timer_v2_0_vh_rfs.vhd:462]
INFO: [Synth 8-3491] module 'MUXCY' declared at '/opt/Xilinx/Vivado/2019.1/scripts/rt/data/unisim_comp.v:42746' bound to instance 'MUXCY_I' of component 'MUXCY' [/home/fkrieger/Desktop/Aloha-HE/Aloha-HE_Kintex/Aloha-HE_Kintex.srcs/sources_1/bd/AlohaHE/ipshared/a788/hdl/axi_timer_v2_0_vh_rfs.vhd:462]
INFO: [Synth 8-3491] module 'MUXCY' declared at '/opt/Xilinx/Vivado/2019.1/scripts/rt/data/unisim_comp.v:42746' bound to instance 'MUXCY_I' of component 'MUXCY' [/home/fkrieger/Desktop/Aloha-HE/Aloha-HE_Kintex/Aloha-HE_Kintex.srcs/sources_1/bd/AlohaHE/ipshared/a788/hdl/axi_timer_v2_0_vh_rfs.vhd:462]
INFO: [Synth 8-3491] module 'MUXCY' declared at '/opt/Xilinx/Vivado/2019.1/scripts/rt/data/unisim_comp.v:42746' bound to instance 'MUXCY_I' of component 'MUXCY' [/home/fkrieger/Desktop/Aloha-HE/Aloha-HE_Kintex/Aloha-HE_Kintex.srcs/sources_1/bd/AlohaHE/ipshared/a788/hdl/axi_timer_v2_0_vh_rfs.vhd:462]
INFO: [Synth 8-3491] module 'MUXCY' declared at '/opt/Xilinx/Vivado/2019.1/scripts/rt/data/unisim_comp.v:42746' bound to instance 'MUXCY_I' of component 'MUXCY' [/home/fkrieger/Desktop/Aloha-HE/Aloha-HE_Kintex/Aloha-HE_Kintex.srcs/sources_1/bd/AlohaHE/ipshared/a788/hdl/axi_timer_v2_0_vh_rfs.vhd:462]
INFO: [Synth 8-3491] module 'MUXCY' declared at '/opt/Xilinx/Vivado/2019.1/scripts/rt/data/unisim_comp.v:42746' bound to instance 'MUXCY_I' of component 'MUXCY' [/home/fkrieger/Desktop/Aloha-HE/Aloha-HE_Kintex/Aloha-HE_Kintex.srcs/sources_1/bd/AlohaHE/ipshared/a788/hdl/axi_timer_v2_0_vh_rfs.vhd:462]
INFO: [Synth 8-3491] module 'MUXCY' declared at '/opt/Xilinx/Vivado/2019.1/scripts/rt/data/unisim_comp.v:42746' bound to instance 'MUXCY_I' of component 'MUXCY' [/home/fkrieger/Desktop/Aloha-HE/Aloha-HE_Kintex/Aloha-HE_Kintex.srcs/sources_1/bd/AlohaHE/ipshared/a788/hdl/axi_timer_v2_0_vh_rfs.vhd:462]
INFO: [Synth 8-3491] module 'MUXCY' declared at '/opt/Xilinx/Vivado/2019.1/scripts/rt/data/unisim_comp.v:42746' bound to instance 'MUXCY_I' of component 'MUXCY' [/home/fkrieger/Desktop/Aloha-HE/Aloha-HE_Kintex/Aloha-HE_Kintex.srcs/sources_1/bd/AlohaHE/ipshared/a788/hdl/axi_timer_v2_0_vh_rfs.vhd:462]
INFO: [Synth 8-3491] module 'MUXCY' declared at '/opt/Xilinx/Vivado/2019.1/scripts/rt/data/unisim_comp.v:42746' bound to instance 'MUXCY_I' of component 'MUXCY' [/home/fkrieger/Desktop/Aloha-HE/Aloha-HE_Kintex/Aloha-HE_Kintex.srcs/sources_1/bd/AlohaHE/ipshared/a788/hdl/axi_timer_v2_0_vh_rfs.vhd:462]
INFO: [Synth 8-3491] module 'MUXCY' declared at '/opt/Xilinx/Vivado/2019.1/scripts/rt/data/unisim_comp.v:42746' bound to instance 'MUXCY_I' of component 'MUXCY' [/home/fkrieger/Desktop/Aloha-HE/Aloha-HE_Kintex/Aloha-HE_Kintex.srcs/sources_1/bd/AlohaHE/ipshared/a788/hdl/axi_timer_v2_0_vh_rfs.vhd:462]
INFO: [Synth 8-3491] module 'MUXCY' declared at '/opt/Xilinx/Vivado/2019.1/scripts/rt/data/unisim_comp.v:42746' bound to instance 'MUXCY_I' of component 'MUXCY' [/home/fkrieger/Desktop/Aloha-HE/Aloha-HE_Kintex/Aloha-HE_Kintex.srcs/sources_1/bd/AlohaHE/ipshared/a788/hdl/axi_timer_v2_0_vh_rfs.vhd:462]
INFO: [Synth 8-3491] module 'MUXCY' declared at '/opt/Xilinx/Vivado/2019.1/scripts/rt/data/unisim_comp.v:42746' bound to instance 'MUXCY_I' of component 'MUXCY' [/home/fkrieger/Desktop/Aloha-HE/Aloha-HE_Kintex/Aloha-HE_Kintex.srcs/sources_1/bd/AlohaHE/ipshared/a788/hdl/axi_timer_v2_0_vh_rfs.vhd:462]
INFO: [Synth 8-3491] module 'MUXCY' declared at '/opt/Xilinx/Vivado/2019.1/scripts/rt/data/unisim_comp.v:42746' bound to instance 'MUXCY_I' of component 'MUXCY' [/home/fkrieger/Desktop/Aloha-HE/Aloha-HE_Kintex/Aloha-HE_Kintex.srcs/sources_1/bd/AlohaHE/ipshared/a788/hdl/axi_timer_v2_0_vh_rfs.vhd:462]
INFO: [Synth 8-3491] module 'MUXCY' declared at '/opt/Xilinx/Vivado/2019.1/scripts/rt/data/unisim_comp.v:42746' bound to instance 'MUXCY_I' of component 'MUXCY' [/home/fkrieger/Desktop/Aloha-HE/Aloha-HE_Kintex/Aloha-HE_Kintex.srcs/sources_1/bd/AlohaHE/ipshared/a788/hdl/axi_timer_v2_0_vh_rfs.vhd:462]
INFO: [Synth 8-3491] module 'MUXCY' declared at '/opt/Xilinx/Vivado/2019.1/scripts/rt/data/unisim_comp.v:42746' bound to instance 'MUXCY_I' of component 'MUXCY' [/home/fkrieger/Desktop/Aloha-HE/Aloha-HE_Kintex/Aloha-HE_Kintex.srcs/sources_1/bd/AlohaHE/ipshared/a788/hdl/axi_timer_v2_0_vh_rfs.vhd:462]
INFO: [Synth 8-3491] module 'MUXCY' declared at '/opt/Xilinx/Vivado/2019.1/scripts/rt/data/unisim_comp.v:42746' bound to instance 'MUXCY_I' of component 'MUXCY' [/home/fkrieger/Desktop/Aloha-HE/Aloha-HE_Kintex/Aloha-HE_Kintex.srcs/sources_1/bd/AlohaHE/ipshared/a788/hdl/axi_timer_v2_0_vh_rfs.vhd:462]
INFO: [Synth 8-3491] module 'MUXCY' declared at '/opt/Xilinx/Vivado/2019.1/scripts/rt/data/unisim_comp.v:42746' bound to instance 'MUXCY_I' of component 'MUXCY' [/home/fkrieger/Desktop/Aloha-HE/Aloha-HE_Kintex/Aloha-HE_Kintex.srcs/sources_1/bd/AlohaHE/ipshared/a788/hdl/axi_timer_v2_0_vh_rfs.vhd:462]
INFO: [Synth 8-3491] module 'MUXCY' declared at '/opt/Xilinx/Vivado/2019.1/scripts/rt/data/unisim_comp.v:42746' bound to instance 'MUXCY_I' of component 'MUXCY' [/home/fkrieger/Desktop/Aloha-HE/Aloha-HE_Kintex/Aloha-HE_Kintex.srcs/sources_1/bd/AlohaHE/ipshared/a788/hdl/axi_timer_v2_0_vh_rfs.vhd:462]
INFO: [Synth 8-3491] module 'MUXCY' declared at '/opt/Xilinx/Vivado/2019.1/scripts/rt/data/unisim_comp.v:42746' bound to instance 'MUXCY_I' of component 'MUXCY' [/home/fkrieger/Desktop/Aloha-HE/Aloha-HE_Kintex/Aloha-HE_Kintex.srcs/sources_1/bd/AlohaHE/ipshared/a788/hdl/axi_timer_v2_0_vh_rfs.vhd:462]
INFO: [Synth 8-3491] module 'MUXCY' declared at '/opt/Xilinx/Vivado/2019.1/scripts/rt/data/unisim_comp.v:42746' bound to instance 'MUXCY_I' of component 'MUXCY' [/home/fkrieger/Desktop/Aloha-HE/Aloha-HE_Kintex/Aloha-HE_Kintex.srcs/sources_1/bd/AlohaHE/ipshared/a788/hdl/axi_timer_v2_0_vh_rfs.vhd:462]
INFO: [Synth 8-3491] module 'MUXCY' declared at '/opt/Xilinx/Vivado/2019.1/scripts/rt/data/unisim_comp.v:42746' bound to instance 'MUXCY_I' of component 'MUXCY' [/home/fkrieger/Desktop/Aloha-HE/Aloha-HE_Kintex/Aloha-HE_Kintex.srcs/sources_1/bd/AlohaHE/ipshared/a788/hdl/axi_timer_v2_0_vh_rfs.vhd:462]
INFO: [Synth 8-3491] module 'MUXCY' declared at '/opt/Xilinx/Vivado/2019.1/scripts/rt/data/unisim_comp.v:42746' bound to instance 'MUXCY_I' of component 'MUXCY' [/home/fkrieger/Desktop/Aloha-HE/Aloha-HE_Kintex/Aloha-HE_Kintex.srcs/sources_1/bd/AlohaHE/ipshared/a788/hdl/axi_timer_v2_0_vh_rfs.vhd:462]
INFO: [Synth 8-3491] module 'MUXCY' declared at '/opt/Xilinx/Vivado/2019.1/scripts/rt/data/unisim_comp.v:42746' bound to instance 'MUXCY_I' of component 'MUXCY' [/home/fkrieger/Desktop/Aloha-HE/Aloha-HE_Kintex/Aloha-HE_Kintex.srcs/sources_1/bd/AlohaHE/ipshared/a788/hdl/axi_timer_v2_0_vh_rfs.vhd:462]
INFO: [Synth 8-3491] module 'MUXCY' declared at '/opt/Xilinx/Vivado/2019.1/scripts/rt/data/unisim_comp.v:42746' bound to instance 'MUXCY_I' of component 'MUXCY' [/home/fkrieger/Desktop/Aloha-HE/Aloha-HE_Kintex/Aloha-HE_Kintex.srcs/sources_1/bd/AlohaHE/ipshared/a788/hdl/axi_timer_v2_0_vh_rfs.vhd:462]
INFO: [Synth 8-3491] module 'MUXCY' declared at '/opt/Xilinx/Vivado/2019.1/scripts/rt/data/unisim_comp.v:42746' bound to instance 'MUXCY_I' of component 'MUXCY' [/home/fkrieger/Desktop/Aloha-HE/Aloha-HE_Kintex/Aloha-HE_Kintex.srcs/sources_1/bd/AlohaHE/ipshared/a788/hdl/axi_timer_v2_0_vh_rfs.vhd:462]
INFO: [Synth 8-3491] module 'MUXCY' declared at '/opt/Xilinx/Vivado/2019.1/scripts/rt/data/unisim_comp.v:42746' bound to instance 'MUXCY_I' of component 'MUXCY' [/home/fkrieger/Desktop/Aloha-HE/Aloha-HE_Kintex/Aloha-HE_Kintex.srcs/sources_1/bd/AlohaHE/ipshared/a788/hdl/axi_timer_v2_0_vh_rfs.vhd:462]
INFO: [Synth 8-3491] module 'MUXCY' declared at '/opt/Xilinx/Vivado/2019.1/scripts/rt/data/unisim_comp.v:42746' bound to instance 'MUXCY_I' of component 'MUXCY' [/home/fkrieger/Desktop/Aloha-HE/Aloha-HE_Kintex/Aloha-HE_Kintex.srcs/sources_1/bd/AlohaHE/ipshared/a788/hdl/axi_timer_v2_0_vh_rfs.vhd:462]
INFO: [Synth 8-3491] module 'MUXCY' declared at '/opt/Xilinx/Vivado/2019.1/scripts/rt/data/unisim_comp.v:42746' bound to instance 'MUXCY_I' of component 'MUXCY' [/home/fkrieger/Desktop/Aloha-HE/Aloha-HE_Kintex/Aloha-HE_Kintex.srcs/sources_1/bd/AlohaHE/ipshared/a788/hdl/axi_timer_v2_0_vh_rfs.vhd:462]
INFO: [Synth 8-3491] module 'MUXCY' declared at '/opt/Xilinx/Vivado/2019.1/scripts/rt/data/unisim_comp.v:42746' bound to instance 'MUXCY_I' of component 'MUXCY' [/home/fkrieger/Desktop/Aloha-HE/Aloha-HE_Kintex/Aloha-HE_Kintex.srcs/sources_1/bd/AlohaHE/ipshared/a788/hdl/axi_timer_v2_0_vh_rfs.vhd:462]
INFO: [Synth 8-3491] module 'MUXCY' declared at '/opt/Xilinx/Vivado/2019.1/scripts/rt/data/unisim_comp.v:42746' bound to instance 'MUXCY_I' of component 'MUXCY' [/home/fkrieger/Desktop/Aloha-HE/Aloha-HE_Kintex/Aloha-HE_Kintex.srcs/sources_1/bd/AlohaHE/ipshared/a788/hdl/axi_timer_v2_0_vh_rfs.vhd:462]
INFO: [Synth 8-3491] module 'MUXCY' declared at '/opt/Xilinx/Vivado/2019.1/scripts/rt/data/unisim_comp.v:42746' bound to instance 'MUXCY_I' of component 'MUXCY' [/home/fkrieger/Desktop/Aloha-HE/Aloha-HE_Kintex/Aloha-HE_Kintex.srcs/sources_1/bd/AlohaHE/ipshared/a788/hdl/axi_timer_v2_0_vh_rfs.vhd:462]
INFO: [Synth 8-3491] module 'MUXCY' declared at '/opt/Xilinx/Vivado/2019.1/scripts/rt/data/unisim_comp.v:42746' bound to instance 'MUXCY_I' of component 'MUXCY' [/home/fkrieger/Desktop/Aloha-HE/Aloha-HE_Kintex/Aloha-HE_Kintex.srcs/sources_1/bd/AlohaHE/ipshared/a788/hdl/axi_timer_v2_0_vh_rfs.vhd:462]
INFO: [Synth 8-3491] module 'MUXCY' declared at '/opt/Xilinx/Vivado/2019.1/scripts/rt/data/unisim_comp.v:42746' bound to instance 'MUXCY_I' of component 'MUXCY' [/home/fkrieger/Desktop/Aloha-HE/Aloha-HE_Kintex/Aloha-HE_Kintex.srcs/sources_1/bd/AlohaHE/ipshared/a788/hdl/axi_timer_v2_0_vh_rfs.vhd:462]
INFO: [Synth 8-3491] module 'MUXCY' declared at '/opt/Xilinx/Vivado/2019.1/scripts/rt/data/unisim_comp.v:42746' bound to instance 'MUXCY_I' of component 'MUXCY' [/home/fkrieger/Desktop/Aloha-HE/Aloha-HE_Kintex/Aloha-HE_Kintex.srcs/sources_1/bd/AlohaHE/ipshared/a788/hdl/axi_timer_v2_0_vh_rfs.vhd:462]
INFO: [Synth 8-3491] module 'MUXCY' declared at '/opt/Xilinx/Vivado/2019.1/scripts/rt/data/unisim_comp.v:42746' bound to instance 'MUXCY_I' of component 'MUXCY' [/home/fkrieger/Desktop/Aloha-HE/Aloha-HE_Kintex/Aloha-HE_Kintex.srcs/sources_1/bd/AlohaHE/ipshared/a788/hdl/axi_timer_v2_0_vh_rfs.vhd:462]
INFO: [Synth 8-3491] module 'MUXCY' declared at '/opt/Xilinx/Vivado/2019.1/scripts/rt/data/unisim_comp.v:42746' bound to instance 'MUXCY_I' of component 'MUXCY' [/home/fkrieger/Desktop/Aloha-HE/Aloha-HE_Kintex/Aloha-HE_Kintex.srcs/sources_1/bd/AlohaHE/ipshared/a788/hdl/axi_timer_v2_0_vh_rfs.vhd:462]
INFO: [Synth 8-3491] module 'MUXCY' declared at '/opt/Xilinx/Vivado/2019.1/scripts/rt/data/unisim_comp.v:42746' bound to instance 'MUXCY_I' of component 'MUXCY' [/home/fkrieger/Desktop/Aloha-HE/Aloha-HE_Kintex/Aloha-HE_Kintex.srcs/sources_1/bd/AlohaHE/ipshared/a788/hdl/axi_timer_v2_0_vh_rfs.vhd:462]
INFO: [Synth 8-3491] module 'MUXCY' declared at '/opt/Xilinx/Vivado/2019.1/scripts/rt/data/unisim_comp.v:42746' bound to instance 'MUXCY_I' of component 'MUXCY' [/home/fkrieger/Desktop/Aloha-HE/Aloha-HE_Kintex/Aloha-HE_Kintex.srcs/sources_1/bd/AlohaHE/ipshared/a788/hdl/axi_timer_v2_0_vh_rfs.vhd:462]
INFO: [Synth 8-3491] module 'MUXCY' declared at '/opt/Xilinx/Vivado/2019.1/scripts/rt/data/unisim_comp.v:42746' bound to instance 'MUXCY_I' of component 'MUXCY' [/home/fkrieger/Desktop/Aloha-HE/Aloha-HE_Kintex/Aloha-HE_Kintex.srcs/sources_1/bd/AlohaHE/ipshared/a788/hdl/axi_timer_v2_0_vh_rfs.vhd:462]
INFO: [Synth 8-3491] module 'MUXCY' declared at '/opt/Xilinx/Vivado/2019.1/scripts/rt/data/unisim_comp.v:42746' bound to instance 'MUXCY_I' of component 'MUXCY' [/home/fkrieger/Desktop/Aloha-HE/Aloha-HE_Kintex/Aloha-HE_Kintex.srcs/sources_1/bd/AlohaHE/ipshared/a788/hdl/axi_timer_v2_0_vh_rfs.vhd:462]
INFO: [Synth 8-3491] module 'MUXCY' declared at '/opt/Xilinx/Vivado/2019.1/scripts/rt/data/unisim_comp.v:42746' bound to instance 'MUXCY_I' of component 'MUXCY' [/home/fkrieger/Desktop/Aloha-HE/Aloha-HE_Kintex/Aloha-HE_Kintex.srcs/sources_1/bd/AlohaHE/ipshared/a788/hdl/axi_timer_v2_0_vh_rfs.vhd:462]
INFO: [Synth 8-3491] module 'MUXCY' declared at '/opt/Xilinx/Vivado/2019.1/scripts/rt/data/unisim_comp.v:42746' bound to instance 'MUXCY_I' of component 'MUXCY' [/home/fkrieger/Desktop/Aloha-HE/Aloha-HE_Kintex/Aloha-HE_Kintex.srcs/sources_1/bd/AlohaHE/ipshared/a788/hdl/axi_timer_v2_0_vh_rfs.vhd:462]
INFO: [Synth 8-3491] module 'MUXCY' declared at '/opt/Xilinx/Vivado/2019.1/scripts/rt/data/unisim_comp.v:42746' bound to instance 'MUXCY_I' of component 'MUXCY' [/home/fkrieger/Desktop/Aloha-HE/Aloha-HE_Kintex/Aloha-HE_Kintex.srcs/sources_1/bd/AlohaHE/ipshared/a788/hdl/axi_timer_v2_0_vh_rfs.vhd:462]
INFO: [Synth 8-3491] module 'MUXCY' declared at '/opt/Xilinx/Vivado/2019.1/scripts/rt/data/unisim_comp.v:42746' bound to instance 'MUXCY_I' of component 'MUXCY' [/home/fkrieger/Desktop/Aloha-HE/Aloha-HE_Kintex/Aloha-HE_Kintex.srcs/sources_1/bd/AlohaHE/ipshared/a788/hdl/axi_timer_v2_0_vh_rfs.vhd:462]
INFO: [Synth 8-3491] module 'MUXCY' declared at '/opt/Xilinx/Vivado/2019.1/scripts/rt/data/unisim_comp.v:42746' bound to instance 'MUXCY_I' of component 'MUXCY' [/home/fkrieger/Desktop/Aloha-HE/Aloha-HE_Kintex/Aloha-HE_Kintex.srcs/sources_1/bd/AlohaHE/ipshared/a788/hdl/axi_timer_v2_0_vh_rfs.vhd:462]
INFO: [Synth 8-3491] module 'MUXCY' declared at '/opt/Xilinx/Vivado/2019.1/scripts/rt/data/unisim_comp.v:42746' bound to instance 'MUXCY_I' of component 'MUXCY' [/home/fkrieger/Desktop/Aloha-HE/Aloha-HE_Kintex/Aloha-HE_Kintex.srcs/sources_1/bd/AlohaHE/ipshared/a788/hdl/axi_timer_v2_0_vh_rfs.vhd:462]
INFO: [Synth 8-3491] module 'MUXCY' declared at '/opt/Xilinx/Vivado/2019.1/scripts/rt/data/unisim_comp.v:42746' bound to instance 'MUXCY_I' of component 'MUXCY' [/home/fkrieger/Desktop/Aloha-HE/Aloha-HE_Kintex/Aloha-HE_Kintex.srcs/sources_1/bd/AlohaHE/ipshared/a788/hdl/axi_timer_v2_0_vh_rfs.vhd:462]
INFO: [Synth 8-3491] module 'MUXCY' declared at '/opt/Xilinx/Vivado/2019.1/scripts/rt/data/unisim_comp.v:42746' bound to instance 'MUXCY_I' of component 'MUXCY' [/home/fkrieger/Desktop/Aloha-HE/Aloha-HE_Kintex/Aloha-HE_Kintex.srcs/sources_1/bd/AlohaHE/ipshared/a788/hdl/axi_timer_v2_0_vh_rfs.vhd:462]
INFO: [Synth 8-3491] module 'MUXCY' declared at '/opt/Xilinx/Vivado/2019.1/scripts/rt/data/unisim_comp.v:42746' bound to instance 'MUXCY_I' of component 'MUXCY' [/home/fkrieger/Desktop/Aloha-HE/Aloha-HE_Kintex/Aloha-HE_Kintex.srcs/sources_1/bd/AlohaHE/ipshared/a788/hdl/axi_timer_v2_0_vh_rfs.vhd:462]
INFO: [Synth 8-256] done synthesizing module 'mux_onehot_f' (2#1) [/home/fkrieger/Desktop/Aloha-HE/Aloha-HE_Kintex/Aloha-HE_Kintex.srcs/sources_1/bd/AlohaHE/ipshared/a788/hdl/axi_timer_v2_0_vh_rfs.vhd:365]
INFO: [Synth 8-638] synthesizing module 'count_module' [/home/fkrieger/Desktop/Aloha-HE/Aloha-HE_Kintex/Aloha-HE_Kintex.srcs/sources_1/bd/AlohaHE/ipshared/a788/hdl/axi_timer_v2_0_vh_rfs.vhd:1434]
	Parameter C_FAMILY bound to: kintex7 - type: string 
	Parameter C_COUNT_WIDTH bound to: 32 - type: integer 
	Parameter INIT bound to: 1'b0 
	Parameter IS_C_INVERTED bound to: 1'b0 
	Parameter IS_D_INVERTED bound to: 1'b0 
	Parameter IS_R_INVERTED bound to: 1'b0 
INFO: [Synth 8-113] binding component instance 'LOAD_REG_I' to cell 'FDRE' [/home/fkrieger/Desktop/Aloha-HE/Aloha-HE_Kintex/Aloha-HE_Kintex.srcs/sources_1/bd/AlohaHE/ipshared/a788/hdl/axi_timer_v2_0_vh_rfs.vhd:1470]
	Parameter INIT bound to: 1'b0 
	Parameter IS_C_INVERTED bound to: 1'b0 
	Parameter IS_D_INVERTED bound to: 1'b0 
	Parameter IS_R_INVERTED bound to: 1'b0 
INFO: [Synth 8-113] binding component instance 'LOAD_REG_I' to cell 'FDRE' [/home/fkrieger/Desktop/Aloha-HE/Aloha-HE_Kintex/Aloha-HE_Kintex.srcs/sources_1/bd/AlohaHE/ipshared/a788/hdl/axi_timer_v2_0_vh_rfs.vhd:1470]
	Parameter INIT bound to: 1'b0 
	Parameter IS_C_INVERTED bound to: 1'b0 
	Parameter IS_D_INVERTED bound to: 1'b0 
	Parameter IS_R_INVERTED bound to: 1'b0 
INFO: [Synth 8-113] binding component instance 'LOAD_REG_I' to cell 'FDRE' [/home/fkrieger/Desktop/Aloha-HE/Aloha-HE_Kintex/Aloha-HE_Kintex.srcs/sources_1/bd/AlohaHE/ipshared/a788/hdl/axi_timer_v2_0_vh_rfs.vhd:1470]
	Parameter INIT bound to: 1'b0 
	Parameter IS_C_INVERTED bound to: 1'b0 
	Parameter IS_D_INVERTED bound to: 1'b0 
	Parameter IS_R_INVERTED bound to: 1'b0 
INFO: [Synth 8-113] binding component instance 'LOAD_REG_I' to cell 'FDRE' [/home/fkrieger/Desktop/Aloha-HE/Aloha-HE_Kintex/Aloha-HE_Kintex.srcs/sources_1/bd/AlohaHE/ipshared/a788/hdl/axi_timer_v2_0_vh_rfs.vhd:1470]
	Parameter INIT bound to: 1'b0 
	Parameter IS_C_INVERTED bound to: 1'b0 
	Parameter IS_D_INVERTED bound to: 1'b0 
	Parameter IS_R_INVERTED bound to: 1'b0 
INFO: [Synth 8-113] binding component instance 'LOAD_REG_I' to cell 'FDRE' [/home/fkrieger/Desktop/Aloha-HE/Aloha-HE_Kintex/Aloha-HE_Kintex.srcs/sources_1/bd/AlohaHE/ipshared/a788/hdl/axi_timer_v2_0_vh_rfs.vhd:1470]
	Parameter INIT bound to: 1'b0 
	Parameter IS_C_INVERTED bound to: 1'b0 
	Parameter IS_D_INVERTED bound to: 1'b0 
	Parameter IS_R_INVERTED bound to: 1'b0 
INFO: [Synth 8-113] binding component instance 'LOAD_REG_I' to cell 'FDRE' [/home/fkrieger/Desktop/Aloha-HE/Aloha-HE_Kintex/Aloha-HE_Kintex.srcs/sources_1/bd/AlohaHE/ipshared/a788/hdl/axi_timer_v2_0_vh_rfs.vhd:1470]
	Parameter INIT bound to: 1'b0 
	Parameter IS_C_INVERTED bound to: 1'b0 
	Parameter IS_D_INVERTED bound to: 1'b0 
	Parameter IS_R_INVERTED bound to: 1'b0 
INFO: [Synth 8-113] binding component instance 'LOAD_REG_I' to cell 'FDRE' [/home/fkrieger/Desktop/Aloha-HE/Aloha-HE_Kintex/Aloha-HE_Kintex.srcs/sources_1/bd/AlohaHE/ipshared/a788/hdl/axi_timer_v2_0_vh_rfs.vhd:1470]
	Parameter INIT bound to: 1'b0 
	Parameter IS_C_INVERTED bound to: 1'b0 
	Parameter IS_D_INVERTED bound to: 1'b0 
	Parameter IS_R_INVERTED bound to: 1'b0 
INFO: [Synth 8-113] binding component instance 'LOAD_REG_I' to cell 'FDRE' [/home/fkrieger/Desktop/Aloha-HE/Aloha-HE_Kintex/Aloha-HE_Kintex.srcs/sources_1/bd/AlohaHE/ipshared/a788/hdl/axi_timer_v2_0_vh_rfs.vhd:1470]
	Parameter INIT bound to: 1'b0 
	Parameter IS_C_INVERTED bound to: 1'b0 
	Parameter IS_D_INVERTED bound to: 1'b0 
	Parameter IS_R_INVERTED bound to: 1'b0 
INFO: [Synth 8-113] binding component instance 'LOAD_REG_I' to cell 'FDRE' [/home/fkrieger/Desktop/Aloha-HE/Aloha-HE_Kintex/Aloha-HE_Kintex.srcs/sources_1/bd/AlohaHE/ipshared/a788/hdl/axi_timer_v2_0_vh_rfs.vhd:1470]
	Parameter INIT bound to: 1'b0 
	Parameter IS_C_INVERTED bound to: 1'b0 
	Parameter IS_D_INVERTED bound to: 1'b0 
	Parameter IS_R_INVERTED bound to: 1'b0 
INFO: [Synth 8-113] binding component instance 'LOAD_REG_I' to cell 'FDRE' [/home/fkrieger/Desktop/Aloha-HE/Aloha-HE_Kintex/Aloha-HE_Kintex.srcs/sources_1/bd/AlohaHE/ipshared/a788/hdl/axi_timer_v2_0_vh_rfs.vhd:1470]
	Parameter INIT bound to: 1'b0 
	Parameter IS_C_INVERTED bound to: 1'b0 
	Parameter IS_D_INVERTED bound to: 1'b0 
	Parameter IS_R_INVERTED bound to: 1'b0 
INFO: [Synth 8-113] binding component instance 'LOAD_REG_I' to cell 'FDRE' [/home/fkrieger/Desktop/Aloha-HE/Aloha-HE_Kintex/Aloha-HE_Kintex.srcs/sources_1/bd/AlohaHE/ipshared/a788/hdl/axi_timer_v2_0_vh_rfs.vhd:1470]
	Parameter INIT bound to: 1'b0 
	Parameter IS_C_INVERTED bound to: 1'b0 
	Parameter IS_D_INVERTED bound to: 1'b0 
	Parameter IS_R_INVERTED bound to: 1'b0 
INFO: [Synth 8-113] binding component instance 'LOAD_REG_I' to cell 'FDRE' [/home/fkrieger/Desktop/Aloha-HE/Aloha-HE_Kintex/Aloha-HE_Kintex.srcs/sources_1/bd/AlohaHE/ipshared/a788/hdl/axi_timer_v2_0_vh_rfs.vhd:1470]
	Parameter INIT bound to: 1'b0 
	Parameter IS_C_INVERTED bound to: 1'b0 
	Parameter IS_D_INVERTED bound to: 1'b0 
	Parameter IS_R_INVERTED bound to: 1'b0 
INFO: [Synth 8-113] binding component instance 'LOAD_REG_I' to cell 'FDRE' [/home/fkrieger/Desktop/Aloha-HE/Aloha-HE_Kintex/Aloha-HE_Kintex.srcs/sources_1/bd/AlohaHE/ipshared/a788/hdl/axi_timer_v2_0_vh_rfs.vhd:1470]
	Parameter INIT bound to: 1'b0 
	Parameter IS_C_INVERTED bound to: 1'b0 
	Parameter IS_D_INVERTED bound to: 1'b0 
	Parameter IS_R_INVERTED bound to: 1'b0 
INFO: [Synth 8-113] binding component instance 'LOAD_REG_I' to cell 'FDRE' [/home/fkrieger/Desktop/Aloha-HE/Aloha-HE_Kintex/Aloha-HE_Kintex.srcs/sources_1/bd/AlohaHE/ipshared/a788/hdl/axi_timer_v2_0_vh_rfs.vhd:1470]
	Parameter INIT bound to: 1'b0 
	Parameter IS_C_INVERTED bound to: 1'b0 
	Parameter IS_D_INVERTED bound to: 1'b0 
	Parameter IS_R_INVERTED bound to: 1'b0 
INFO: [Synth 8-113] binding component instance 'LOAD_REG_I' to cell 'FDRE' [/home/fkrieger/Desktop/Aloha-HE/Aloha-HE_Kintex/Aloha-HE_Kintex.srcs/sources_1/bd/AlohaHE/ipshared/a788/hdl/axi_timer_v2_0_vh_rfs.vhd:1470]
	Parameter INIT bound to: 1'b0 
	Parameter IS_C_INVERTED bound to: 1'b0 
	Parameter IS_D_INVERTED bound to: 1'b0 
	Parameter IS_R_INVERTED bound to: 1'b0 
INFO: [Synth 8-113] binding component instance 'LOAD_REG_I' to cell 'FDRE' [/home/fkrieger/Desktop/Aloha-HE/Aloha-HE_Kintex/Aloha-HE_Kintex.srcs/sources_1/bd/AlohaHE/ipshared/a788/hdl/axi_timer_v2_0_vh_rfs.vhd:1470]
	Parameter INIT bound to: 1'b0 
	Parameter IS_C_INVERTED bound to: 1'b0 
	Parameter IS_D_INVERTED bound to: 1'b0 
	Parameter IS_R_INVERTED bound to: 1'b0 
INFO: [Synth 8-113] binding component instance 'LOAD_REG_I' to cell 'FDRE' [/home/fkrieger/Desktop/Aloha-HE/Aloha-HE_Kintex/Aloha-HE_Kintex.srcs/sources_1/bd/AlohaHE/ipshared/a788/hdl/axi_timer_v2_0_vh_rfs.vhd:1470]
	Parameter INIT bound to: 1'b0 
	Parameter IS_C_INVERTED bound to: 1'b0 
	Parameter IS_D_INVERTED bound to: 1'b0 
	Parameter IS_R_INVERTED bound to: 1'b0 
INFO: [Synth 8-113] binding component instance 'LOAD_REG_I' to cell 'FDRE' [/home/fkrieger/Desktop/Aloha-HE/Aloha-HE_Kintex/Aloha-HE_Kintex.srcs/sources_1/bd/AlohaHE/ipshared/a788/hdl/axi_timer_v2_0_vh_rfs.vhd:1470]
	Parameter INIT bound to: 1'b0 
	Parameter IS_C_INVERTED bound to: 1'b0 
	Parameter IS_D_INVERTED bound to: 1'b0 
	Parameter IS_R_INVERTED bound to: 1'b0 
INFO: [Synth 8-113] binding component instance 'LOAD_REG_I' to cell 'FDRE' [/home/fkrieger/Desktop/Aloha-HE/Aloha-HE_Kintex/Aloha-HE_Kintex.srcs/sources_1/bd/AlohaHE/ipshared/a788/hdl/axi_timer_v2_0_vh_rfs.vhd:1470]
	Parameter INIT bound to: 1'b0 
	Parameter IS_C_INVERTED bound to: 1'b0 
	Parameter IS_D_INVERTED bound to: 1'b0 
	Parameter IS_R_INVERTED bound to: 1'b0 
INFO: [Synth 8-113] binding component instance 'LOAD_REG_I' to cell 'FDRE' [/home/fkrieger/Desktop/Aloha-HE/Aloha-HE_Kintex/Aloha-HE_Kintex.srcs/sources_1/bd/AlohaHE/ipshared/a788/hdl/axi_timer_v2_0_vh_rfs.vhd:1470]
	Parameter INIT bound to: 1'b0 
	Parameter IS_C_INVERTED bound to: 1'b0 
	Parameter IS_D_INVERTED bound to: 1'b0 
	Parameter IS_R_INVERTED bound to: 1'b0 
INFO: [Synth 8-113] binding component instance 'LOAD_REG_I' to cell 'FDRE' [/home/fkrieger/Desktop/Aloha-HE/Aloha-HE_Kintex/Aloha-HE_Kintex.srcs/sources_1/bd/AlohaHE/ipshared/a788/hdl/axi_timer_v2_0_vh_rfs.vhd:1470]
	Parameter INIT bound to: 1'b0 
	Parameter IS_C_INVERTED bound to: 1'b0 
	Parameter IS_D_INVERTED bound to: 1'b0 
	Parameter IS_R_INVERTED bound to: 1'b0 
INFO: [Synth 8-113] binding component instance 'LOAD_REG_I' to cell 'FDRE' [/home/fkrieger/Desktop/Aloha-HE/Aloha-HE_Kintex/Aloha-HE_Kintex.srcs/sources_1/bd/AlohaHE/ipshared/a788/hdl/axi_timer_v2_0_vh_rfs.vhd:1470]
	Parameter INIT bound to: 1'b0 
	Parameter IS_C_INVERTED bound to: 1'b0 
	Parameter IS_D_INVERTED bound to: 1'b0 
	Parameter IS_R_INVERTED bound to: 1'b0 
INFO: [Synth 8-113] binding component instance 'LOAD_REG_I' to cell 'FDRE' [/home/fkrieger/Desktop/Aloha-HE/Aloha-HE_Kintex/Aloha-HE_Kintex.srcs/sources_1/bd/AlohaHE/ipshared/a788/hdl/axi_timer_v2_0_vh_rfs.vhd:1470]
	Parameter INIT bound to: 1'b0 
	Parameter IS_C_INVERTED bound to: 1'b0 
	Parameter IS_D_INVERTED bound to: 1'b0 
	Parameter IS_R_INVERTED bound to: 1'b0 
INFO: [Synth 8-113] binding component instance 'LOAD_REG_I' to cell 'FDRE' [/home/fkrieger/Desktop/Aloha-HE/Aloha-HE_Kintex/Aloha-HE_Kintex.srcs/sources_1/bd/AlohaHE/ipshared/a788/hdl/axi_timer_v2_0_vh_rfs.vhd:1470]
	Parameter INIT bound to: 1'b0 
	Parameter IS_C_INVERTED bound to: 1'b0 
	Parameter IS_D_INVERTED bound to: 1'b0 
	Parameter IS_R_INVERTED bound to: 1'b0 
INFO: [Synth 8-113] binding component instance 'LOAD_REG_I' to cell 'FDRE' [/home/fkrieger/Desktop/Aloha-HE/Aloha-HE_Kintex/Aloha-HE_Kintex.srcs/sources_1/bd/AlohaHE/ipshared/a788/hdl/axi_timer_v2_0_vh_rfs.vhd:1470]
	Parameter INIT bound to: 1'b0 
	Parameter IS_C_INVERTED bound to: 1'b0 
	Parameter IS_D_INVERTED bound to: 1'b0 
	Parameter IS_R_INVERTED bound to: 1'b0 
INFO: [Synth 8-113] binding component instance 'LOAD_REG_I' to cell 'FDRE' [/home/fkrieger/Desktop/Aloha-HE/Aloha-HE_Kintex/Aloha-HE_Kintex.srcs/sources_1/bd/AlohaHE/ipshared/a788/hdl/axi_timer_v2_0_vh_rfs.vhd:1470]
	Parameter INIT bound to: 1'b0 
	Parameter IS_C_INVERTED bound to: 1'b0 
	Parameter IS_D_INVERTED bound to: 1'b0 
	Parameter IS_R_INVERTED bound to: 1'b0 
INFO: [Synth 8-113] binding component instance 'LOAD_REG_I' to cell 'FDRE' [/home/fkrieger/Desktop/Aloha-HE/Aloha-HE_Kintex/Aloha-HE_Kintex.srcs/sources_1/bd/AlohaHE/ipshared/a788/hdl/axi_timer_v2_0_vh_rfs.vhd:1470]
	Parameter INIT bound to: 1'b0 
	Parameter IS_C_INVERTED bound to: 1'b0 
	Parameter IS_D_INVERTED bound to: 1'b0 
	Parameter IS_R_INVERTED bound to: 1'b0 
INFO: [Synth 8-113] binding component instance 'LOAD_REG_I' to cell 'FDRE' [/home/fkrieger/Desktop/Aloha-HE/Aloha-HE_Kintex/Aloha-HE_Kintex.srcs/sources_1/bd/AlohaHE/ipshared/a788/hdl/axi_timer_v2_0_vh_rfs.vhd:1470]
	Parameter INIT bound to: 1'b0 
	Parameter IS_C_INVERTED bound to: 1'b0 
	Parameter IS_D_INVERTED bound to: 1'b0 
	Parameter IS_R_INVERTED bound to: 1'b0 
INFO: [Synth 8-113] binding component instance 'LOAD_REG_I' to cell 'FDRE' [/home/fkrieger/Desktop/Aloha-HE/Aloha-HE_Kintex/Aloha-HE_Kintex.srcs/sources_1/bd/AlohaHE/ipshared/a788/hdl/axi_timer_v2_0_vh_rfs.vhd:1470]
	Parameter INIT bound to: 1'b0 
	Parameter IS_C_INVERTED bound to: 1'b0 
	Parameter IS_D_INVERTED bound to: 1'b0 
	Parameter IS_R_INVERTED bound to: 1'b0 
INFO: [Synth 8-113] binding component instance 'LOAD_REG_I' to cell 'FDRE' [/home/fkrieger/Desktop/Aloha-HE/Aloha-HE_Kintex/Aloha-HE_Kintex.srcs/sources_1/bd/AlohaHE/ipshared/a788/hdl/axi_timer_v2_0_vh_rfs.vhd:1470]
	Parameter INIT bound to: 1'b0 
	Parameter IS_C_INVERTED bound to: 1'b0 
	Parameter IS_D_INVERTED bound to: 1'b0 
	Parameter IS_R_INVERTED bound to: 1'b0 
INFO: [Synth 8-113] binding component instance 'LOAD_REG_I' to cell 'FDRE' [/home/fkrieger/Desktop/Aloha-HE/Aloha-HE_Kintex/Aloha-HE_Kintex.srcs/sources_1/bd/AlohaHE/ipshared/a788/hdl/axi_timer_v2_0_vh_rfs.vhd:1470]
	Parameter INIT bound to: 1'b0 
	Parameter IS_C_INVERTED bound to: 1'b0 
	Parameter IS_D_INVERTED bound to: 1'b0 
	Parameter IS_R_INVERTED bound to: 1'b0 
INFO: [Synth 8-113] binding component instance 'LOAD_REG_I' to cell 'FDRE' [/home/fkrieger/Desktop/Aloha-HE/Aloha-HE_Kintex/Aloha-HE_Kintex.srcs/sources_1/bd/AlohaHE/ipshared/a788/hdl/axi_timer_v2_0_vh_rfs.vhd:1470]
INFO: [Synth 8-638] synthesizing module 'counter_f' [/home/fkrieger/Desktop/Aloha-HE/Aloha-HE_Kintex/Aloha-HE_Kintex.srcs/sources_1/bd/AlohaHE/ipshared/a788/hdl/axi_timer_v2_0_vh_rfs.vhd:148]
	Parameter C_NUM_BITS bound to: 32 - type: integer 
	Parameter C_FAMILY bound to: kintex7 - type: string 
INFO: [Synth 8-256] done synthesizing module 'counter_f' (3#1) [/home/fkrieger/Desktop/Aloha-HE/Aloha-HE_Kintex/Aloha-HE_Kintex.srcs/sources_1/bd/AlohaHE/ipshared/a788/hdl/axi_timer_v2_0_vh_rfs.vhd:148]
INFO: [Synth 8-256] done synthesizing module 'count_module' (4#1) [/home/fkrieger/Desktop/Aloha-HE/Aloha-HE_Kintex/Aloha-HE_Kintex.srcs/sources_1/bd/AlohaHE/ipshared/a788/hdl/axi_timer_v2_0_vh_rfs.vhd:1434]
INFO: [Synth 8-638] synthesizing module 'timer_control' [/home/fkrieger/Desktop/Aloha-HE/Aloha-HE_Kintex/Aloha-HE_Kintex.srcs/sources_1/bd/AlohaHE/ipshared/a788/hdl/axi_timer_v2_0_vh_rfs.vhd:835]
	Parameter C_TRIG0_ASSERT bound to: 1'b1 
	Parameter C_TRIG1_ASSERT bound to: 1'b1 
	Parameter C_GEN0_ASSERT bound to: 1'b1 
	Parameter C_GEN1_ASSERT bound to: 1'b1 
	Parameter C_ARD_NUM_CE_ARRAY bound to: 32'b00000000000000000000000000001000 
	Parameter INIT bound to: 1'b0 
	Parameter IS_CE_INVERTED bound to: 1'b0 
	Parameter IS_C_INVERTED bound to: 1'b0 
	Parameter IS_D_INVERTED bound to: 1'b0 
	Parameter IS_R_INVERTED bound to: 1'b0 
	Parameter IS_S_INVERTED bound to: 1'b0 
INFO: [Synth 8-113] binding component instance 'TCSR0_FF_I' to cell 'FDRSE' [/home/fkrieger/Desktop/Aloha-HE/Aloha-HE_Kintex/Aloha-HE_Kintex.srcs/sources_1/bd/AlohaHE/ipshared/a788/hdl/axi_timer_v2_0_vh_rfs.vhd:917]
	Parameter INIT bound to: 1'b0 
	Parameter IS_CE_INVERTED bound to: 1'b0 
	Parameter IS_C_INVERTED bound to: 1'b0 
	Parameter IS_D_INVERTED bound to: 1'b0 
	Parameter IS_R_INVERTED bound to: 1'b0 
	Parameter IS_S_INVERTED bound to: 1'b0 
INFO: [Synth 8-113] binding component instance 'TCSR0_FF_I' to cell 'FDRSE' [/home/fkrieger/Desktop/Aloha-HE/Aloha-HE_Kintex/Aloha-HE_Kintex.srcs/sources_1/bd/AlohaHE/ipshared/a788/hdl/axi_timer_v2_0_vh_rfs.vhd:917]
	Parameter INIT bound to: 1'b0 
	Parameter IS_CE_INVERTED bound to: 1'b0 
	Parameter IS_C_INVERTED bound to: 1'b0 
	Parameter IS_D_INVERTED bound to: 1'b0 
	Parameter IS_R_INVERTED bound to: 1'b0 
	Parameter IS_S_INVERTED bound to: 1'b0 
INFO: [Synth 8-113] binding component instance 'TCSR0_FF_I' to cell 'FDRSE' [/home/fkrieger/Desktop/Aloha-HE/Aloha-HE_Kintex/Aloha-HE_Kintex.srcs/sources_1/bd/AlohaHE/ipshared/a788/hdl/axi_timer_v2_0_vh_rfs.vhd:917]
	Parameter INIT bound to: 1'b0 
	Parameter IS_CE_INVERTED bound to: 1'b0 
	Parameter IS_C_INVERTED bound to: 1'b0 
	Parameter IS_D_INVERTED bound to: 1'b0 
	Parameter IS_R_INVERTED bound to: 1'b0 
	Parameter IS_S_INVERTED bound to: 1'b0 
INFO: [Synth 8-113] binding component instance 'TCSR0_FF_I' to cell 'FDRSE' [/home/fkrieger/Desktop/Aloha-HE/Aloha-HE_Kintex/Aloha-HE_Kintex.srcs/sources_1/bd/AlohaHE/ipshared/a788/hdl/axi_timer_v2_0_vh_rfs.vhd:917]
	Parameter INIT bound to: 1'b0 
	Parameter IS_CE_INVERTED bound to: 1'b0 
	Parameter IS_C_INVERTED bound to: 1'b0 
	Parameter IS_D_INVERTED bound to: 1'b0 
	Parameter IS_R_INVERTED bound to: 1'b0 
	Parameter IS_S_INVERTED bound to: 1'b0 
INFO: [Synth 8-113] binding component instance 'TCSR0_FF_I' to cell 'FDRSE' [/home/fkrieger/Desktop/Aloha-HE/Aloha-HE_Kintex/Aloha-HE_Kintex.srcs/sources_1/bd/AlohaHE/ipshared/a788/hdl/axi_timer_v2_0_vh_rfs.vhd:917]
	Parameter INIT bound to: 1'b0 
	Parameter IS_CE_INVERTED bound to: 1'b0 
	Parameter IS_C_INVERTED bound to: 1'b0 
	Parameter IS_D_INVERTED bound to: 1'b0 
	Parameter IS_R_INVERTED bound to: 1'b0 
	Parameter IS_S_INVERTED bound to: 1'b0 
INFO: [Synth 8-113] binding component instance 'TCSR0_FF_I' to cell 'FDRSE' [/home/fkrieger/Desktop/Aloha-HE/Aloha-HE_Kintex/Aloha-HE_Kintex.srcs/sources_1/bd/AlohaHE/ipshared/a788/hdl/axi_timer_v2_0_vh_rfs.vhd:917]
	Parameter INIT bound to: 1'b0 
	Parameter IS_CE_INVERTED bound to: 1'b0 
	Parameter IS_C_INVERTED bound to: 1'b0 
	Parameter IS_D_INVERTED bound to: 1'b0 
	Parameter IS_R_INVERTED bound to: 1'b0 
	Parameter IS_S_INVERTED bound to: 1'b0 
INFO: [Synth 8-113] binding component instance 'TCSR0_FF_I' to cell 'FDRSE' [/home/fkrieger/Desktop/Aloha-HE/Aloha-HE_Kintex/Aloha-HE_Kintex.srcs/sources_1/bd/AlohaHE/ipshared/a788/hdl/axi_timer_v2_0_vh_rfs.vhd:917]
	Parameter INIT bound to: 1'b0 
	Parameter IS_CE_INVERTED bound to: 1'b0 
	Parameter IS_C_INVERTED bound to: 1'b0 
	Parameter IS_D_INVERTED bound to: 1'b0 
	Parameter IS_R_INVERTED bound to: 1'b0 
	Parameter IS_S_INVERTED bound to: 1'b0 
INFO: [Synth 8-113] binding component instance 'TCSR0_FF_I' to cell 'FDRSE' [/home/fkrieger/Desktop/Aloha-HE/Aloha-HE_Kintex/Aloha-HE_Kintex.srcs/sources_1/bd/AlohaHE/ipshared/a788/hdl/axi_timer_v2_0_vh_rfs.vhd:917]
	Parameter INIT bound to: 1'b0 
	Parameter IS_CE_INVERTED bound to: 1'b0 
	Parameter IS_C_INVERTED bound to: 1'b0 
	Parameter IS_D_INVERTED bound to: 1'b0 
	Parameter IS_R_INVERTED bound to: 1'b0 
	Parameter IS_S_INVERTED bound to: 1'b0 
INFO: [Synth 8-113] binding component instance 'TCSR0_FF_I' to cell 'FDRSE' [/home/fkrieger/Desktop/Aloha-HE/Aloha-HE_Kintex/Aloha-HE_Kintex.srcs/sources_1/bd/AlohaHE/ipshared/a788/hdl/axi_timer_v2_0_vh_rfs.vhd:917]
	Parameter INIT bound to: 1'b0 
	Parameter IS_CE_INVERTED bound to: 1'b0 
	Parameter IS_C_INVERTED bound to: 1'b0 
	Parameter IS_D_INVERTED bound to: 1'b0 
	Parameter IS_R_INVERTED bound to: 1'b0 
	Parameter IS_S_INVERTED bound to: 1'b0 
INFO: [Synth 8-113] binding component instance 'TCSR0_FF_I' to cell 'FDRSE' [/home/fkrieger/Desktop/Aloha-HE/Aloha-HE_Kintex/Aloha-HE_Kintex.srcs/sources_1/bd/AlohaHE/ipshared/a788/hdl/axi_timer_v2_0_vh_rfs.vhd:917]
	Parameter INIT bound to: 1'b0 
	Parameter IS_CE_INVERTED bound to: 1'b0 
	Parameter IS_C_INVERTED bound to: 1'b0 
	Parameter IS_D_INVERTED bound to: 1'b0 
	Parameter IS_R_INVERTED bound to: 1'b0 
	Parameter IS_S_INVERTED bound to: 1'b0 
INFO: [Synth 8-113] binding component instance 'TCSR0_FF_I' to cell 'FDRSE' [/home/fkrieger/Desktop/Aloha-HE/Aloha-HE_Kintex/Aloha-HE_Kintex.srcs/sources_1/bd/AlohaHE/ipshared/a788/hdl/axi_timer_v2_0_vh_rfs.vhd:917]
	Parameter INIT bound to: 1'b0 
	Parameter IS_CE_INVERTED bound to: 1'b0 
	Parameter IS_C_INVERTED bound to: 1'b0 
	Parameter IS_D_INVERTED bound to: 1'b0 
	Parameter IS_R_INVERTED bound to: 1'b0 
	Parameter IS_S_INVERTED bound to: 1'b0 
INFO: [Synth 8-113] binding component instance 'TCSR0_FF_I' to cell 'FDRSE' [/home/fkrieger/Desktop/Aloha-HE/Aloha-HE_Kintex/Aloha-HE_Kintex.srcs/sources_1/bd/AlohaHE/ipshared/a788/hdl/axi_timer_v2_0_vh_rfs.vhd:917]
	Parameter INIT bound to: 1'b0 
	Parameter IS_CE_INVERTED bound to: 1'b0 
	Parameter IS_C_INVERTED bound to: 1'b0 
	Parameter IS_D_INVERTED bound to: 1'b0 
	Parameter IS_R_INVERTED bound to: 1'b0 
	Parameter IS_S_INVERTED bound to: 1'b0 
INFO: [Synth 8-113] binding component instance 'TCSR1_FF_I' to cell 'FDRSE' [/home/fkrieger/Desktop/Aloha-HE/Aloha-HE_Kintex/Aloha-HE_Kintex.srcs/sources_1/bd/AlohaHE/ipshared/a788/hdl/axi_timer_v2_0_vh_rfs.vhd:998]
	Parameter INIT bound to: 1'b0 
	Parameter IS_CE_INVERTED bound to: 1'b0 
	Parameter IS_C_INVERTED bound to: 1'b0 
	Parameter IS_D_INVERTED bound to: 1'b0 
	Parameter IS_R_INVERTED bound to: 1'b0 
	Parameter IS_S_INVERTED bound to: 1'b0 
INFO: [Synth 8-113] binding component instance 'TCSR1_FF_I' to cell 'FDRSE' [/home/fkrieger/Desktop/Aloha-HE/Aloha-HE_Kintex/Aloha-HE_Kintex.srcs/sources_1/bd/AlohaHE/ipshared/a788/hdl/axi_timer_v2_0_vh_rfs.vhd:998]
	Parameter INIT bound to: 1'b0 
	Parameter IS_CE_INVERTED bound to: 1'b0 
	Parameter IS_C_INVERTED bound to: 1'b0 
	Parameter IS_D_INVERTED bound to: 1'b0 
	Parameter IS_R_INVERTED bound to: 1'b0 
	Parameter IS_S_INVERTED bound to: 1'b0 
INFO: [Synth 8-113] binding component instance 'TCSR1_FF_I' to cell 'FDRSE' [/home/fkrieger/Desktop/Aloha-HE/Aloha-HE_Kintex/Aloha-HE_Kintex.srcs/sources_1/bd/AlohaHE/ipshared/a788/hdl/axi_timer_v2_0_vh_rfs.vhd:998]
	Parameter INIT bound to: 1'b0 
	Parameter IS_CE_INVERTED bound to: 1'b0 
	Parameter IS_C_INVERTED bound to: 1'b0 
	Parameter IS_D_INVERTED bound to: 1'b0 
	Parameter IS_R_INVERTED bound to: 1'b0 
	Parameter IS_S_INVERTED bound to: 1'b0 
INFO: [Synth 8-113] binding component instance 'TCSR1_FF_I' to cell 'FDRSE' [/home/fkrieger/Desktop/Aloha-HE/Aloha-HE_Kintex/Aloha-HE_Kintex.srcs/sources_1/bd/AlohaHE/ipshared/a788/hdl/axi_timer_v2_0_vh_rfs.vhd:998]
	Parameter INIT bound to: 1'b0 
	Parameter IS_CE_INVERTED bound to: 1'b0 
	Parameter IS_C_INVERTED bound to: 1'b0 
	Parameter IS_D_INVERTED bound to: 1'b0 
	Parameter IS_R_INVERTED bound to: 1'b0 
	Parameter IS_S_INVERTED bound to: 1'b0 
INFO: [Synth 8-113] binding component instance 'TCSR1_FF_I' to cell 'FDRSE' [/home/fkrieger/Desktop/Aloha-HE/Aloha-HE_Kintex/Aloha-HE_Kintex.srcs/sources_1/bd/AlohaHE/ipshared/a788/hdl/axi_timer_v2_0_vh_rfs.vhd:998]
	Parameter INIT bound to: 1'b0 
	Parameter IS_CE_INVERTED bound to: 1'b0 
	Parameter IS_C_INVERTED bound to: 1'b0 
	Parameter IS_D_INVERTED bound to: 1'b0 
	Parameter IS_R_INVERTED bound to: 1'b0 
	Parameter IS_S_INVERTED bound to: 1'b0 
INFO: [Synth 8-113] binding component instance 'TCSR1_FF_I' to cell 'FDRSE' [/home/fkrieger/Desktop/Aloha-HE/Aloha-HE_Kintex/Aloha-HE_Kintex.srcs/sources_1/bd/AlohaHE/ipshared/a788/hdl/axi_timer_v2_0_vh_rfs.vhd:998]
	Parameter INIT bound to: 1'b0 
	Parameter IS_CE_INVERTED bound to: 1'b0 
	Parameter IS_C_INVERTED bound to: 1'b0 
	Parameter IS_D_INVERTED bound to: 1'b0 
	Parameter IS_R_INVERTED bound to: 1'b0 
	Parameter IS_S_INVERTED bound to: 1'b0 
INFO: [Synth 8-113] binding component instance 'TCSR1_FF_I' to cell 'FDRSE' [/home/fkrieger/Desktop/Aloha-HE/Aloha-HE_Kintex/Aloha-HE_Kintex.srcs/sources_1/bd/AlohaHE/ipshared/a788/hdl/axi_timer_v2_0_vh_rfs.vhd:998]
	Parameter INIT bound to: 1'b0 
	Parameter IS_CE_INVERTED bound to: 1'b0 
	Parameter IS_C_INVERTED bound to: 1'b0 
	Parameter IS_D_INVERTED bound to: 1'b0 
	Parameter IS_R_INVERTED bound to: 1'b0 
	Parameter IS_S_INVERTED bound to: 1'b0 
INFO: [Synth 8-113] binding component instance 'TCSR1_FF_I' to cell 'FDRSE' [/home/fkrieger/Desktop/Aloha-HE/Aloha-HE_Kintex/Aloha-HE_Kintex.srcs/sources_1/bd/AlohaHE/ipshared/a788/hdl/axi_timer_v2_0_vh_rfs.vhd:998]
	Parameter INIT bound to: 1'b0 
	Parameter IS_CE_INVERTED bound to: 1'b0 
	Parameter IS_C_INVERTED bound to: 1'b0 
	Parameter IS_D_INVERTED bound to: 1'b0 
	Parameter IS_R_INVERTED bound to: 1'b0 
	Parameter IS_S_INVERTED bound to: 1'b0 
INFO: [Synth 8-113] binding component instance 'TCSR1_FF_I' to cell 'FDRSE' [/home/fkrieger/Desktop/Aloha-HE/Aloha-HE_Kintex/Aloha-HE_Kintex.srcs/sources_1/bd/AlohaHE/ipshared/a788/hdl/axi_timer_v2_0_vh_rfs.vhd:998]
	Parameter INIT bound to: 1'b0 
	Parameter IS_CE_INVERTED bound to: 1'b0 
	Parameter IS_C_INVERTED bound to: 1'b0 
	Parameter IS_D_INVERTED bound to: 1'b0 
	Parameter IS_R_INVERTED bound to: 1'b0 
	Parameter IS_S_INVERTED bound to: 1'b0 
INFO: [Synth 8-113] binding component instance 'TCSR1_FF_I' to cell 'FDRSE' [/home/fkrieger/Desktop/Aloha-HE/Aloha-HE_Kintex/Aloha-HE_Kintex.srcs/sources_1/bd/AlohaHE/ipshared/a788/hdl/axi_timer_v2_0_vh_rfs.vhd:998]
	Parameter INIT bound to: 1'b0 
	Parameter IS_CE_INVERTED bound to: 1'b0 
	Parameter IS_C_INVERTED bound to: 1'b0 
	Parameter IS_D_INVERTED bound to: 1'b0 
	Parameter IS_R_INVERTED bound to: 1'b0 
	Parameter IS_S_INVERTED bound to: 1'b0 
INFO: [Synth 8-113] binding component instance 'TCSR1_FF_I' to cell 'FDRSE' [/home/fkrieger/Desktop/Aloha-HE/Aloha-HE_Kintex/Aloha-HE_Kintex.srcs/sources_1/bd/AlohaHE/ipshared/a788/hdl/axi_timer_v2_0_vh_rfs.vhd:998]
	Parameter INIT bound to: 1'b0 
	Parameter IS_CE_INVERTED bound to: 1'b0 
	Parameter IS_C_INVERTED bound to: 1'b0 
	Parameter IS_D_INVERTED bound to: 1'b0 
	Parameter IS_R_INVERTED bound to: 1'b0 
	Parameter IS_S_INVERTED bound to: 1'b0 
INFO: [Synth 8-113] binding component instance 'READ_DONE0_I' to cell 'FDRSE' [/home/fkrieger/Desktop/Aloha-HE/Aloha-HE_Kintex/Aloha-HE_Kintex.srcs/sources_1/bd/AlohaHE/ipshared/a788/hdl/axi_timer_v2_0_vh_rfs.vhd:1070]
	Parameter INIT bound to: 1'b0 
	Parameter IS_CE_INVERTED bound to: 1'b0 
	Parameter IS_C_INVERTED bound to: 1'b0 
	Parameter IS_D_INVERTED bound to: 1'b0 
	Parameter IS_R_INVERTED bound to: 1'b0 
	Parameter IS_S_INVERTED bound to: 1'b0 
INFO: [Synth 8-113] binding component instance 'READ_DONE1_I' to cell 'FDRSE' [/home/fkrieger/Desktop/Aloha-HE/Aloha-HE_Kintex/Aloha-HE_Kintex.srcs/sources_1/bd/AlohaHE/ipshared/a788/hdl/axi_timer_v2_0_vh_rfs.vhd:1080]
INFO: [Synth 8-638] synthesizing module 'cdc_sync' [/home/fkrieger/Desktop/Aloha-HE/Aloha-HE_Kintex/Aloha-HE_Kintex.srcs/sources_1/bd/AlohaHE/ipshared/ef1e/hdl/lib_cdc_v1_0_rfs.vhd:106]
	Parameter C_CDC_TYPE bound to: 1 - type: integer 
	Parameter C_RESET_STATE bound to: 0 - type: integer 
	Parameter C_SINGLE_BIT bound to: 1 - type: integer 
	Parameter C_FLOP_INPUT bound to: 0 - type: integer 
	Parameter C_VECTOR_WIDTH bound to: 32 - type: integer 
	Parameter C_MTBF_STAGES bound to: 4 - type: integer 
	Parameter INIT bound to: 1'b0 
INFO: [Synth 8-113] binding component instance 'CROSS_PLEVEL_IN2SCNDRY_IN_cdc_to' to cell 'FDR' [/home/fkrieger/Desktop/Aloha-HE/Aloha-HE_Kintex/Aloha-HE_Kintex.srcs/sources_1/bd/AlohaHE/ipshared/ef1e/hdl/lib_cdc_v1_0_rfs.vhd:514]
	Parameter INIT bound to: 1'b0 
INFO: [Synth 8-113] binding component instance 'CROSS_PLEVEL_IN2SCNDRY_s_level_out_d2' to cell 'FDR' [/home/fkrieger/Desktop/Aloha-HE/Aloha-HE_Kintex/Aloha-HE_Kintex.srcs/sources_1/bd/AlohaHE/ipshared/ef1e/hdl/lib_cdc_v1_0_rfs.vhd:545]
	Parameter INIT bound to: 1'b0 
INFO: [Synth 8-113] binding component instance 'CROSS_PLEVEL_IN2SCNDRY_s_level_out_d3' to cell 'FDR' [/home/fkrieger/Desktop/Aloha-HE/Aloha-HE_Kintex/Aloha-HE_Kintex.srcs/sources_1/bd/AlohaHE/ipshared/ef1e/hdl/lib_cdc_v1_0_rfs.vhd:554]
	Parameter INIT bound to: 1'b0 
INFO: [Synth 8-113] binding component instance 'CROSS_PLEVEL_IN2SCNDRY_s_level_out_d4' to cell 'FDR' [/home/fkrieger/Desktop/Aloha-HE/Aloha-HE_Kintex/Aloha-HE_Kintex.srcs/sources_1/bd/AlohaHE/ipshared/ef1e/hdl/lib_cdc_v1_0_rfs.vhd:564]
	Parameter INIT bound to: 1'b0 
INFO: [Synth 8-113] binding component instance 'CROSS_PLEVEL_IN2SCNDRY_s_level_out_d5' to cell 'FDR' [/home/fkrieger/Desktop/Aloha-HE/Aloha-HE_Kintex/Aloha-HE_Kintex.srcs/sources_1/bd/AlohaHE/ipshared/ef1e/hdl/lib_cdc_v1_0_rfs.vhd:574]
	Parameter INIT bound to: 1'b0 
INFO: [Synth 8-113] binding component instance 'CROSS_PLEVEL_IN2SCNDRY_s_level_out_d6' to cell 'FDR' [/home/fkrieger/Desktop/Aloha-HE/Aloha-HE_Kintex/Aloha-HE_Kintex.srcs/sources_1/bd/AlohaHE/ipshared/ef1e/hdl/lib_cdc_v1_0_rfs.vhd:584]
INFO: [Synth 8-256] done synthesizing module 'cdc_sync' (5#1) [/home/fkrieger/Desktop/Aloha-HE/Aloha-HE_Kintex/Aloha-HE_Kintex.srcs/sources_1/bd/AlohaHE/ipshared/ef1e/hdl/lib_cdc_v1_0_rfs.vhd:106]
INFO: [Synth 8-256] done synthesizing module 'timer_control' (6#1) [/home/fkrieger/Desktop/Aloha-HE/Aloha-HE_Kintex/Aloha-HE_Kintex.srcs/sources_1/bd/AlohaHE/ipshared/a788/hdl/axi_timer_v2_0_vh_rfs.vhd:835]
	Parameter INIT bound to: 1'b0 
	Parameter IS_C_INVERTED bound to: 1'b0 
	Parameter IS_D_INVERTED bound to: 1'b0 
	Parameter IS_R_INVERTED bound to: 1'b0 
	Parameter IS_S_INVERTED bound to: 1'b0 
INFO: [Synth 8-113] binding component instance 'PWM_FF_I' to cell 'FDRS' [/home/fkrieger/Desktop/Aloha-HE/Aloha-HE_Kintex/Aloha-HE_Kintex.srcs/sources_1/bd/AlohaHE/ipshared/a788/hdl/axi_timer_v2_0_vh_rfs.vhd:1906]
INFO: [Synth 8-256] done synthesizing module 'tc_core' (7#1) [/home/fkrieger/Desktop/Aloha-HE/Aloha-HE_Kintex/Aloha-HE_Kintex.srcs/sources_1/bd/AlohaHE/ipshared/a788/hdl/axi_timer_v2_0_vh_rfs.vhd:1700]
INFO: [Synth 8-638] synthesizing module 'axi_lite_ipif' [/home/fkrieger/Desktop/Aloha-HE/Aloha-HE_Kintex/Aloha-HE_Kintex.srcs/sources_1/bd/AlohaHE/ipshared/66ea/hdl/axi_lite_ipif_v3_0_vh_rfs.vhd:2948]
	Parameter C_S_AXI_DATA_WIDTH bound to: 32 - type: integer 
	Parameter C_S_AXI_ADDR_WIDTH bound to: 5 - type: integer 
	Parameter C_S_AXI_MIN_SIZE bound to: 32'b00000000000000000000000000011111 
	Parameter C_USE_WSTRB bound to: 0 - type: integer 
	Parameter C_DPHASE_TIMEOUT bound to: 32 - type: integer 
	Parameter C_ARD_ADDR_RANGE_ARRAY bound to: 128'b00000000000000000000000000000000000000000000000000000000000000000000000000000000000000000000000000000000000000000000000000011111 
	Parameter C_ARD_NUM_CE_ARRAY bound to: 32'b00000000000000000000000000001000 
	Parameter C_FAMILY bound to: kintex7 - type: string 
INFO: [Synth 8-638] synthesizing module 'slave_attachment' [/home/fkrieger/Desktop/Aloha-HE/Aloha-HE_Kintex/Aloha-HE_Kintex.srcs/sources_1/bd/AlohaHE/ipshared/66ea/hdl/axi_lite_ipif_v3_0_vh_rfs.vhd:2341]
	Parameter C_ARD_ADDR_RANGE_ARRAY bound to: 128'b00000000000000000000000000000000000000000000000000000000000000000000000000000000000000000000000000000000000000000000000000011111 
	Parameter C_ARD_NUM_CE_ARRAY bound to: 32'b00000000000000000000000000001000 
	Parameter C_IPIF_ABUS_WIDTH bound to: 5 - type: integer 
	Parameter C_IPIF_DBUS_WIDTH bound to: 32 - type: integer 
	Parameter C_S_AXI_MIN_SIZE bound to: 31 - type: integer 
	Parameter C_USE_WSTRB bound to: 0 - type: integer 
	Parameter C_DPHASE_TIMEOUT bound to: 32 - type: integer 
	Parameter C_FAMILY bound to: kintex7 - type: string 
INFO: [Synth 8-638] synthesizing module 'address_decoder' [/home/fkrieger/Desktop/Aloha-HE/Aloha-HE_Kintex/Aloha-HE_Kintex.srcs/sources_1/bd/AlohaHE/ipshared/66ea/hdl/axi_lite_ipif_v3_0_vh_rfs.vhd:1775]
	Parameter C_BUS_AWIDTH bound to: 5 - type: integer 
	Parameter C_S_AXI_MIN_SIZE bound to: 31 - type: integer 
	Parameter C_ARD_ADDR_RANGE_ARRAY bound to: 128'b00000000000000000000000000000000000000000000000000000000000000000000000000000000000000000000000000000000000000000000000000011111 
	Parameter C_ARD_NUM_CE_ARRAY bound to: 32'b00000000000000000000000000001000 
	Parameter C_FAMILY bound to: nofamily - type: string 
INFO: [Synth 8-638] synthesizing module 'pselect_f' [/home/fkrieger/Desktop/Aloha-HE/Aloha-HE_Kintex/Aloha-HE_Kintex.srcs/sources_1/bd/AlohaHE/ipshared/66ea/hdl/axi_lite_ipif_v3_0_vh_rfs.vhd:1534]
	Parameter C_AB bound to: 3 - type: integer 
	Parameter C_AW bound to: 3 - type: integer 
	Parameter C_BAR bound to: 3'b000 
	Parameter C_FAMILY bound to: nofamily - type: string 
INFO: [Synth 8-256] done synthesizing module 'pselect_f' (8#1) [/home/fkrieger/Desktop/Aloha-HE/Aloha-HE_Kintex/Aloha-HE_Kintex.srcs/sources_1/bd/AlohaHE/ipshared/66ea/hdl/axi_lite_ipif_v3_0_vh_rfs.vhd:1534]
INFO: [Synth 8-638] synthesizing module 'pselect_f__parameterized0' [/home/fkrieger/Desktop/Aloha-HE/Aloha-HE_Kintex/Aloha-HE_Kintex.srcs/sources_1/bd/AlohaHE/ipshared/66ea/hdl/axi_lite_ipif_v3_0_vh_rfs.vhd:1534]
	Parameter C_AB bound to: 3 - type: integer 
	Parameter C_AW bound to: 3 - type: integer 
	Parameter C_BAR bound to: 3'b001 
	Parameter C_FAMILY bound to: nofamily - type: string 
INFO: [Synth 8-256] done synthesizing module 'pselect_f__parameterized0' (8#1) [/home/fkrieger/Desktop/Aloha-HE/Aloha-HE_Kintex/Aloha-HE_Kintex.srcs/sources_1/bd/AlohaHE/ipshared/66ea/hdl/axi_lite_ipif_v3_0_vh_rfs.vhd:1534]
INFO: [Synth 8-638] synthesizing module 'pselect_f__parameterized1' [/home/fkrieger/Desktop/Aloha-HE/Aloha-HE_Kintex/Aloha-HE_Kintex.srcs/sources_1/bd/AlohaHE/ipshared/66ea/hdl/axi_lite_ipif_v3_0_vh_rfs.vhd:1534]
	Parameter C_AB bound to: 3 - type: integer 
	Parameter C_AW bound to: 3 - type: integer 
	Parameter C_BAR bound to: 3'b010 
	Parameter C_FAMILY bound to: nofamily - type: string 
INFO: [Synth 8-256] done synthesizing module 'pselect_f__parameterized1' (8#1) [/home/fkrieger/Desktop/Aloha-HE/Aloha-HE_Kintex/Aloha-HE_Kintex.srcs/sources_1/bd/AlohaHE/ipshared/66ea/hdl/axi_lite_ipif_v3_0_vh_rfs.vhd:1534]
INFO: [Synth 8-638] synthesizing module 'pselect_f__parameterized2' [/home/fkrieger/Desktop/Aloha-HE/Aloha-HE_Kintex/Aloha-HE_Kintex.srcs/sources_1/bd/AlohaHE/ipshared/66ea/hdl/axi_lite_ipif_v3_0_vh_rfs.vhd:1534]
	Parameter C_AB bound to: 3 - type: integer 
	Parameter C_AW bound to: 3 - type: integer 
	Parameter C_BAR bound to: 3'b011 
	Parameter C_FAMILY bound to: nofamily - type: string 
INFO: [Synth 8-256] done synthesizing module 'pselect_f__parameterized2' (8#1) [/home/fkrieger/Desktop/Aloha-HE/Aloha-HE_Kintex/Aloha-HE_Kintex.srcs/sources_1/bd/AlohaHE/ipshared/66ea/hdl/axi_lite_ipif_v3_0_vh_rfs.vhd:1534]
INFO: [Synth 8-638] synthesizing module 'pselect_f__parameterized3' [/home/fkrieger/Desktop/Aloha-HE/Aloha-HE_Kintex/Aloha-HE_Kintex.srcs/sources_1/bd/AlohaHE/ipshared/66ea/hdl/axi_lite_ipif_v3_0_vh_rfs.vhd:1534]
	Parameter C_AB bound to: 3 - type: integer 
	Parameter C_AW bound to: 3 - type: integer 
	Parameter C_BAR bound to: 3'b100 
	Parameter C_FAMILY bound to: nofamily - type: string 
INFO: [Synth 8-256] done synthesizing module 'pselect_f__parameterized3' (8#1) [/home/fkrieger/Desktop/Aloha-HE/Aloha-HE_Kintex/Aloha-HE_Kintex.srcs/sources_1/bd/AlohaHE/ipshared/66ea/hdl/axi_lite_ipif_v3_0_vh_rfs.vhd:1534]
INFO: [Synth 8-638] synthesizing module 'pselect_f__parameterized4' [/home/fkrieger/Desktop/Aloha-HE/Aloha-HE_Kintex/Aloha-HE_Kintex.srcs/sources_1/bd/AlohaHE/ipshared/66ea/hdl/axi_lite_ipif_v3_0_vh_rfs.vhd:1534]
	Parameter C_AB bound to: 3 - type: integer 
	Parameter C_AW bound to: 3 - type: integer 
	Parameter C_BAR bound to: 3'b101 
	Parameter C_FAMILY bound to: nofamily - type: string 
INFO: [Synth 8-256] done synthesizing module 'pselect_f__parameterized4' (8#1) [/home/fkrieger/Desktop/Aloha-HE/Aloha-HE_Kintex/Aloha-HE_Kintex.srcs/sources_1/bd/AlohaHE/ipshared/66ea/hdl/axi_lite_ipif_v3_0_vh_rfs.vhd:1534]
INFO: [Synth 8-638] synthesizing module 'pselect_f__parameterized5' [/home/fkrieger/Desktop/Aloha-HE/Aloha-HE_Kintex/Aloha-HE_Kintex.srcs/sources_1/bd/AlohaHE/ipshared/66ea/hdl/axi_lite_ipif_v3_0_vh_rfs.vhd:1534]
	Parameter C_AB bound to: 3 - type: integer 
	Parameter C_AW bound to: 3 - type: integer 
	Parameter C_BAR bound to: 3'b110 
	Parameter C_FAMILY bound to: nofamily - type: string 
INFO: [Synth 8-256] done synthesizing module 'pselect_f__parameterized5' (8#1) [/home/fkrieger/Desktop/Aloha-HE/Aloha-HE_Kintex/Aloha-HE_Kintex.srcs/sources_1/bd/AlohaHE/ipshared/66ea/hdl/axi_lite_ipif_v3_0_vh_rfs.vhd:1534]
INFO: [Synth 8-638] synthesizing module 'pselect_f__parameterized6' [/home/fkrieger/Desktop/Aloha-HE/Aloha-HE_Kintex/Aloha-HE_Kintex.srcs/sources_1/bd/AlohaHE/ipshared/66ea/hdl/axi_lite_ipif_v3_0_vh_rfs.vhd:1534]
	Parameter C_AB bound to: 3 - type: integer 
	Parameter C_AW bound to: 3 - type: integer 
	Parameter C_BAR bound to: 3'b111 
	Parameter C_FAMILY bound to: nofamily - type: string 
INFO: [Synth 8-256] done synthesizing module 'pselect_f__parameterized6' (8#1) [/home/fkrieger/Desktop/Aloha-HE/Aloha-HE_Kintex/Aloha-HE_Kintex.srcs/sources_1/bd/AlohaHE/ipshared/66ea/hdl/axi_lite_ipif_v3_0_vh_rfs.vhd:1534]
INFO: [Synth 8-256] done synthesizing module 'address_decoder' (9#1) [/home/fkrieger/Desktop/Aloha-HE/Aloha-HE_Kintex/Aloha-HE_Kintex.srcs/sources_1/bd/AlohaHE/ipshared/66ea/hdl/axi_lite_ipif_v3_0_vh_rfs.vhd:1775]
INFO: [Synth 8-226] default block is never used [/home/fkrieger/Desktop/Aloha-HE/Aloha-HE_Kintex/Aloha-HE_Kintex.srcs/sources_1/bd/AlohaHE/ipshared/66ea/hdl/axi_lite_ipif_v3_0_vh_rfs.vhd:2550]
INFO: [Synth 8-256] done synthesizing module 'slave_attachment' (10#1) [/home/fkrieger/Desktop/Aloha-HE/Aloha-HE_Kintex/Aloha-HE_Kintex.srcs/sources_1/bd/AlohaHE/ipshared/66ea/hdl/axi_lite_ipif_v3_0_vh_rfs.vhd:2341]
INFO: [Synth 8-256] done synthesizing module 'axi_lite_ipif' (11#1) [/home/fkrieger/Desktop/Aloha-HE/Aloha-HE_Kintex/Aloha-HE_Kintex.srcs/sources_1/bd/AlohaHE/ipshared/66ea/hdl/axi_lite_ipif_v3_0_vh_rfs.vhd:2948]
INFO: [Synth 8-256] done synthesizing module 'axi_timer' (12#1) [/home/fkrieger/Desktop/Aloha-HE/Aloha-HE_Kintex/Aloha-HE_Kintex.srcs/sources_1/bd/AlohaHE/ipshared/a788/hdl/axi_timer_v2_0_vh_rfs.vhd:2139]
INFO: [Synth 8-256] done synthesizing module 'AlohaHE_axi_timer_0_0' (13#1) [/home/fkrieger/Desktop/Aloha-HE/Aloha-HE_Kintex/Aloha-HE_Kintex.srcs/sources_1/bd/AlohaHE/ip/AlohaHE_axi_timer_0_0/synth/AlohaHE_axi_timer_0_0.vhd:90]
WARNING: [Synth 8-3331] design address_decoder has unconnected port Address_In_Erly[3]
WARNING: [Synth 8-3331] design address_decoder has unconnected port Address_In_Erly[4]
WARNING: [Synth 8-3331] design address_decoder has unconnected port Bus_RNW
WARNING: [Synth 8-3331] design slave_attachment has unconnected port S_AXI_WSTRB[3]
WARNING: [Synth 8-3331] design slave_attachment has unconnected port S_AXI_WSTRB[2]
WARNING: [Synth 8-3331] design slave_attachment has unconnected port S_AXI_WSTRB[1]
WARNING: [Synth 8-3331] design slave_attachment has unconnected port S_AXI_WSTRB[0]
WARNING: [Synth 8-3331] design cdc_sync has unconnected port prmry_aclk
WARNING: [Synth 8-3331] design cdc_sync has unconnected port prmry_resetn
WARNING: [Synth 8-3331] design cdc_sync has unconnected port prmry_vect_in[31]
WARNING: [Synth 8-3331] design cdc_sync has unconnected port prmry_vect_in[30]
WARNING: [Synth 8-3331] design cdc_sync has unconnected port prmry_vect_in[29]
WARNING: [Synth 8-3331] design cdc_sync has unconnected port prmry_vect_in[28]
WARNING: [Synth 8-3331] design cdc_sync has unconnected port prmry_vect_in[27]
WARNING: [Synth 8-3331] design cdc_sync has unconnected port prmry_vect_in[26]
WARNING: [Synth 8-3331] design cdc_sync has unconnected port prmry_vect_in[25]
WARNING: [Synth 8-3331] design cdc_sync has unconnected port prmry_vect_in[24]
WARNING: [Synth 8-3331] design cdc_sync has unconnected port prmry_vect_in[23]
WARNING: [Synth 8-3331] design cdc_sync has unconnected port prmry_vect_in[22]
WARNING: [Synth 8-3331] design cdc_sync has unconnected port prmry_vect_in[21]
WARNING: [Synth 8-3331] design cdc_sync has unconnected port prmry_vect_in[20]
WARNING: [Synth 8-3331] design cdc_sync has unconnected port prmry_vect_in[19]
WARNING: [Synth 8-3331] design cdc_sync has unconnected port prmry_vect_in[18]
WARNING: [Synth 8-3331] design cdc_sync has unconnected port prmry_vect_in[17]
WARNING: [Synth 8-3331] design cdc_sync has unconnected port prmry_vect_in[16]
WARNING: [Synth 8-3331] design cdc_sync has unconnected port prmry_vect_in[15]
WARNING: [Synth 8-3331] design cdc_sync has unconnected port prmry_vect_in[14]
WARNING: [Synth 8-3331] design cdc_sync has unconnected port prmry_vect_in[13]
WARNING: [Synth 8-3331] design cdc_sync has unconnected port prmry_vect_in[12]
WARNING: [Synth 8-3331] design cdc_sync has unconnected port prmry_vect_in[11]
WARNING: [Synth 8-3331] design cdc_sync has unconnected port prmry_vect_in[10]
WARNING: [Synth 8-3331] design cdc_sync has unconnected port prmry_vect_in[9]
WARNING: [Synth 8-3331] design cdc_sync has unconnected port prmry_vect_in[8]
WARNING: [Synth 8-3331] design cdc_sync has unconnected port prmry_vect_in[7]
WARNING: [Synth 8-3331] design cdc_sync has unconnected port prmry_vect_in[6]
WARNING: [Synth 8-3331] design cdc_sync has unconnected port prmry_vect_in[5]
WARNING: [Synth 8-3331] design cdc_sync has unconnected port prmry_vect_in[4]
WARNING: [Synth 8-3331] design cdc_sync has unconnected port prmry_vect_in[3]
WARNING: [Synth 8-3331] design cdc_sync has unconnected port prmry_vect_in[2]
WARNING: [Synth 8-3331] design cdc_sync has unconnected port prmry_vect_in[1]
WARNING: [Synth 8-3331] design cdc_sync has unconnected port prmry_vect_in[0]
WARNING: [Synth 8-3331] design cdc_sync has unconnected port scndry_resetn
WARNING: [Synth 8-3331] design timer_control has unconnected port Bus2ip_data[0]
WARNING: [Synth 8-3331] design timer_control has unconnected port Bus2ip_data[1]
WARNING: [Synth 8-3331] design timer_control has unconnected port Bus2ip_data[2]
WARNING: [Synth 8-3331] design timer_control has unconnected port Bus2ip_data[3]
WARNING: [Synth 8-3331] design timer_control has unconnected port Bus2ip_data[4]
WARNING: [Synth 8-3331] design timer_control has unconnected port Bus2ip_data[5]
WARNING: [Synth 8-3331] design timer_control has unconnected port Bus2ip_data[6]
WARNING: [Synth 8-3331] design timer_control has unconnected port Bus2ip_data[7]
WARNING: [Synth 8-3331] design timer_control has unconnected port Bus2ip_data[8]
WARNING: [Synth 8-3331] design timer_control has unconnected port Bus2ip_data[9]
WARNING: [Synth 8-3331] design timer_control has unconnected port Bus2ip_data[10]
WARNING: [Synth 8-3331] design timer_control has unconnected port Bus2ip_data[11]
WARNING: [Synth 8-3331] design timer_control has unconnected port Bus2ip_data[12]
WARNING: [Synth 8-3331] design timer_control has unconnected port Bus2ip_data[13]
WARNING: [Synth 8-3331] design timer_control has unconnected port Bus2ip_data[14]
WARNING: [Synth 8-3331] design timer_control has unconnected port Bus2ip_data[15]
WARNING: [Synth 8-3331] design timer_control has unconnected port Bus2ip_data[16]
WARNING: [Synth 8-3331] design timer_control has unconnected port Bus2ip_data[17]
WARNING: [Synth 8-3331] design timer_control has unconnected port Bus2ip_data[18]
WARNING: [Synth 8-3331] design timer_control has unconnected port Bus2ip_data[19]
WARNING: [Synth 8-3331] design timer_control has unconnected port BE[0]
WARNING: [Synth 8-3331] design timer_control has unconnected port BE[1]
WARNING: [Synth 8-3331] design timer_control has unconnected port Bus2ip_rdce[0]
WARNING: [Synth 8-3331] design timer_control has unconnected port Bus2ip_rdce[2]
WARNING: [Synth 8-3331] design timer_control has unconnected port Bus2ip_rdce[3]
WARNING: [Synth 8-3331] design timer_control has unconnected port Bus2ip_rdce[4]
WARNING: [Synth 8-3331] design timer_control has unconnected port Bus2ip_rdce[6]
WARNING: [Synth 8-3331] design timer_control has unconnected port Bus2ip_rdce[7]
WARNING: [Synth 8-3331] design timer_control has unconnected port Bus2ip_wrce[2]
WARNING: [Synth 8-3331] design timer_control has unconnected port Bus2ip_wrce[3]
WARNING: [Synth 8-3331] design timer_control has unconnected port Bus2ip_wrce[6]
WARNING: [Synth 8-3331] design timer_control has unconnected port Bus2ip_wrce[7]
WARNING: [Synth 8-3331] design tc_core has unconnected port Bus2ip_addr[0]
WARNING: [Synth 8-3331] design tc_core has unconnected port Bus2ip_addr[1]
WARNING: [Synth 8-3331] design tc_core has unconnected port Bus2ip_addr[2]
WARNING: [Synth 8-3331] design tc_core has unconnected port Bus2ip_addr[3]
WARNING: [Synth 8-3331] design tc_core has unconnected port Bus2ip_addr[4]
---------------------------------------------------------------------------------
Finished RTL Elaboration : Time (s): cpu = 00:00:12 ; elapsed = 00:00:22 . Memory (MB): peak = 1987.977 ; gain = 213.438 ; free physical = 259 ; free virtual = 5154
---------------------------------------------------------------------------------

Report Check Netlist: 
+------+------------------+-------+---------+-------+------------------+
|      |Item              |Errors |Warnings |Status |Description       |
+------+------------------+-------+---------+-------+------------------+
|1     |multi_driven_nets |      0|        0|Passed |Multi driven nets |
+------+------------------+-------+---------+-------+------------------+
---------------------------------------------------------------------------------
Start Handling Custom Attributes
---------------------------------------------------------------------------------
---------------------------------------------------------------------------------
Finished Handling Custom Attributes : Time (s): cpu = 00:00:13 ; elapsed = 00:00:24 . Memory (MB): peak = 1993.914 ; gain = 219.375 ; free physical = 216 ; free virtual = 5114
---------------------------------------------------------------------------------
---------------------------------------------------------------------------------
Finished RTL Optimization Phase 1 : Time (s): cpu = 00:00:13 ; elapsed = 00:00:24 . Memory (MB): peak = 1993.914 ; gain = 219.375 ; free physical = 216 ; free virtual = 5114
---------------------------------------------------------------------------------
INFO: [Netlist 29-17] Analyzing 108 Unisim elements for replacement
INFO: [Netlist 29-28] Unisim Transformation completed in 0 CPU seconds
INFO: [Project 1-570] Preparing netlist for logic optimization

Processing XDC Constraints
Initializing timing engine
Parsing XDC File [/home/fkrieger/Desktop/Aloha-HE/Aloha-HE_Kintex/Aloha-HE_Kintex.srcs/sources_1/bd/AlohaHE/ip/AlohaHE_axi_timer_0_0/AlohaHE_axi_timer_0_0_ooc.xdc] for cell 'U0'
Finished Parsing XDC File [/home/fkrieger/Desktop/Aloha-HE/Aloha-HE_Kintex/Aloha-HE_Kintex.srcs/sources_1/bd/AlohaHE/ip/AlohaHE_axi_timer_0_0/AlohaHE_axi_timer_0_0_ooc.xdc] for cell 'U0'
Parsing XDC File [/home/fkrieger/Desktop/Aloha-HE/Aloha-HE_Kintex/Aloha-HE_Kintex.srcs/sources_1/bd/AlohaHE/ip/AlohaHE_axi_timer_0_0/AlohaHE_axi_timer_0_0.xdc] for cell 'U0'
Finished Parsing XDC File [/home/fkrieger/Desktop/Aloha-HE/Aloha-HE_Kintex/Aloha-HE_Kintex.srcs/sources_1/bd/AlohaHE/ip/AlohaHE_axi_timer_0_0/AlohaHE_axi_timer_0_0.xdc] for cell 'U0'
Parsing XDC File [/home/fkrieger/Desktop/Aloha-HE/Aloha-HE_Kintex/Aloha-HE_Kintex.runs/AlohaHE_axi_timer_0_0_synth_1/dont_touch.xdc]
Finished Parsing XDC File [/home/fkrieger/Desktop/Aloha-HE/Aloha-HE_Kintex/Aloha-HE_Kintex.runs/AlohaHE_axi_timer_0_0_synth_1/dont_touch.xdc]
Completed Processing XDC Constraints

Netlist sorting complete. Time (s): cpu = 00:00:00 ; elapsed = 00:00:00 . Memory (MB): peak = 2170.602 ; gain = 0.000 ; free physical = 224 ; free virtual = 4959
INFO: [Project 1-111] Unisim Transformation Summary:
  A total of 44 instances were transformed.
  FDR => FDRE: 18 instances
  FDRS => FDRS (FDRE, LUT2, VCC): 1 instances
  FDRSE => FDRSE (FDRE, LUT4, VCC): 25 instances

Constraint Validation Runtime : Time (s): cpu = 00:00:00.09 ; elapsed = 00:00:00.09 . Memory (MB): peak = 2173.570 ; gain = 2.969 ; free physical = 218 ; free virtual = 4953
---------------------------------------------------------------------------------
Finished Constraint Validation : Time (s): cpu = 00:00:29 ; elapsed = 00:00:46 . Memory (MB): peak = 2173.570 ; gain = 399.031 ; free physical = 180 ; free virtual = 4936
---------------------------------------------------------------------------------
---------------------------------------------------------------------------------
Start Loading Part and Timing Information
---------------------------------------------------------------------------------
Loading part: xc7k325tffg900-2
---------------------------------------------------------------------------------
Finished Loading Part and Timing Information : Time (s): cpu = 00:00:29 ; elapsed = 00:00:46 . Memory (MB): peak = 2173.570 ; gain = 399.031 ; free physical = 180 ; free virtual = 4936
---------------------------------------------------------------------------------
---------------------------------------------------------------------------------
Start Applying 'set_property' XDC Constraints
---------------------------------------------------------------------------------
Applied set_property DONT_TOUCH = true for U0. (constraint file  /home/fkrieger/Desktop/Aloha-HE/Aloha-HE_Kintex/Aloha-HE_Kintex.runs/AlohaHE_axi_timer_0_0_synth_1/dont_touch.xdc, line 9).
---------------------------------------------------------------------------------
Finished applying 'set_property' XDC Constraints : Time (s): cpu = 00:00:29 ; elapsed = 00:00:46 . Memory (MB): peak = 2173.570 ; gain = 399.031 ; free physical = 180 ; free virtual = 4936
---------------------------------------------------------------------------------
INFO: [Synth 8-5818] HDL ADVISOR - The operator resource <adder> is shared. To prevent sharing consider applying a KEEP on the output of the operator [/home/fkrieger/Desktop/Aloha-HE/Aloha-HE_Kintex/Aloha-HE_Kintex.srcs/sources_1/bd/AlohaHE/ipshared/a788/hdl/axi_timer_v2_0_vh_rfs.vhd:176]
INFO: [Synth 8-802] inferred FSM for state register 'state_reg' in module 'slave_attachment'
---------------------------------------------------------------------------------------------------
                   State |                     New Encoding |                Previous Encoding 
---------------------------------------------------------------------------------------------------
                 iSTATE2 |                             0001 |                               00
                  iSTATE |                             0010 |                               01
                 iSTATE0 |                             0100 |                               10
                 iSTATE1 |                             1000 |                               11
---------------------------------------------------------------------------------------------------
INFO: [Synth 8-3354] encoded FSM with state register 'state_reg' using encoding 'one-hot' in module 'slave_attachment'
---------------------------------------------------------------------------------
Finished RTL Optimization Phase 2 : Time (s): cpu = 00:00:31 ; elapsed = 00:00:48 . Memory (MB): peak = 2173.570 ; gain = 399.031 ; free physical = 144 ; free virtual = 4817
---------------------------------------------------------------------------------

Report RTL Partitions: 
+-+--------------+------------+----------+
| |RTL Partition |Replication |Instances |
+-+--------------+------------+----------+
+-+--------------+------------+----------+
---------------------------------------------------------------------------------
Start RTL Component Statistics 
---------------------------------------------------------------------------------
Detailed RTL Component Info : 
+---Adders : 
	   2 Input     33 Bit       Adders := 2     
	   2 Input      6 Bit       Adders := 1     
+---Registers : 
	               33 Bit    Registers := 2     
	               32 Bit    Registers := 1     
	                6 Bit    Registers := 1     
	                5 Bit    Registers := 1     
	                2 Bit    Registers := 4     
	                1 Bit    Registers := 29    
+---Muxes : 
	   3 Input     33 Bit        Muxes := 2     
	   2 Input     33 Bit        Muxes := 2     
	   2 Input     32 Bit        Muxes := 2     
	   2 Input     12 Bit        Muxes := 1     
	   2 Input     11 Bit        Muxes := 1     
	   2 Input      9 Bit        Muxes := 3     
	   3 Input      9 Bit        Muxes := 1     
	   2 Input      5 Bit        Muxes := 1     
	   4 Input      4 Bit        Muxes := 1     
	   2 Input      4 Bit        Muxes := 5     
	   7 Input      2 Bit        Muxes := 1     
	   2 Input      2 Bit        Muxes := 2     
	   2 Input      1 Bit        Muxes := 24    
	   4 Input      1 Bit        Muxes := 3     
---------------------------------------------------------------------------------
Finished RTL Component Statistics 
---------------------------------------------------------------------------------
---------------------------------------------------------------------------------
Start RTL Hierarchical Component Statistics 
---------------------------------------------------------------------------------
Hierarchical RTL Component report 
Module counter_f 
Detailed RTL Component Info : 
+---Adders : 
	   2 Input     33 Bit       Adders := 1     
+---Registers : 
	               33 Bit    Registers := 1     
+---Muxes : 
	   3 Input     33 Bit        Muxes := 1     
	   2 Input     33 Bit        Muxes := 1     
	   2 Input      1 Bit        Muxes := 2     
Module count_module 
Detailed RTL Component Info : 
+---Muxes : 
	   2 Input     32 Bit        Muxes := 1     
Module timer_control 
Detailed RTL Component Info : 
+---Registers : 
	                2 Bit    Registers := 1     
	                1 Bit    Registers := 12    
+---Muxes : 
	   2 Input     12 Bit        Muxes := 1     
	   2 Input     11 Bit        Muxes := 1     
	   2 Input      9 Bit        Muxes := 3     
	   3 Input      9 Bit        Muxes := 1     
	   2 Input      1 Bit        Muxes := 8     
Module pselect_f 
Detailed RTL Component Info : 
+---Muxes : 
	   2 Input      1 Bit        Muxes := 1     
Module pselect_f__parameterized0 
Detailed RTL Component Info : 
+---Muxes : 
	   2 Input      1 Bit        Muxes := 1     
Module pselect_f__parameterized1 
Detailed RTL Component Info : 
+---Muxes : 
	   2 Input      1 Bit        Muxes := 1     
Module pselect_f__parameterized2 
Detailed RTL Component Info : 
+---Muxes : 
	   2 Input      1 Bit        Muxes := 1     
Module pselect_f__parameterized3 
Detailed RTL Component Info : 
+---Muxes : 
	   2 Input      1 Bit        Muxes := 1     
Module pselect_f__parameterized4 
Detailed RTL Component Info : 
+---Muxes : 
	   2 Input      1 Bit        Muxes := 1     
Module pselect_f__parameterized5 
Detailed RTL Component Info : 
+---Muxes : 
	   2 Input      1 Bit        Muxes := 1     
Module pselect_f__parameterized6 
Detailed RTL Component Info : 
+---Muxes : 
	   2 Input      1 Bit        Muxes := 1     
Module address_decoder 
Detailed RTL Component Info : 
+---Registers : 
	                1 Bit    Registers := 10    
Module slave_attachment 
Detailed RTL Component Info : 
+---Adders : 
	   2 Input      6 Bit       Adders := 1     
+---Registers : 
	               32 Bit    Registers := 1     
	                6 Bit    Registers := 1     
	                5 Bit    Registers := 1     
	                2 Bit    Registers := 3     
	                1 Bit    Registers := 7     
+---Muxes : 
	   2 Input      5 Bit        Muxes := 1     
	   4 Input      4 Bit        Muxes := 1     
	   2 Input      4 Bit        Muxes := 5     
	   7 Input      2 Bit        Muxes := 1     
	   2 Input      2 Bit        Muxes := 2     
	   2 Input      1 Bit        Muxes := 4     
	   4 Input      1 Bit        Muxes := 3     
---------------------------------------------------------------------------------
Finished RTL Hierarchical Component Statistics
---------------------------------------------------------------------------------
---------------------------------------------------------------------------------
Start Part Resource Summary
---------------------------------------------------------------------------------
Part Resources:
DSPs: 840 (col length:140)
BRAMs: 890 (col length: RAMB18 140 RAMB36 70)
---------------------------------------------------------------------------------
Finished Part Resource Summary
---------------------------------------------------------------------------------
---------------------------------------------------------------------------------
Start Cross Boundary and Area Optimization
---------------------------------------------------------------------------------
Warning: Parallel synthesis criteria is not met 
WARNING: [Synth 8-3331] design axi_timer has unconnected port s_axi_wstrb[3]
WARNING: [Synth 8-3331] design axi_timer has unconnected port s_axi_wstrb[2]
WARNING: [Synth 8-3331] design axi_timer has unconnected port s_axi_wstrb[1]
WARNING: [Synth 8-3331] design axi_timer has unconnected port s_axi_wstrb[0]
INFO: [Synth 8-3333] propagating constant 0 across sequential element (U0/\AXI4_LITE_I/I_SLAVE_ATTACHMENT/s_axi_rresp_i_reg[0] )
INFO: [Synth 8-3333] propagating constant 0 across sequential element (U0/\AXI4_LITE_I/I_SLAVE_ATTACHMENT/s_axi_rresp_i_reg[1] )
INFO: [Synth 8-3333] propagating constant 0 across sequential element (U0/\AXI4_LITE_I/I_SLAVE_ATTACHMENT/s_axi_bresp_i_reg[0] )
INFO: [Synth 8-3333] propagating constant 0 across sequential element (U0/\AXI4_LITE_I/I_SLAVE_ATTACHMENT/s_axi_bresp_i_reg[1] )
INFO: [Synth 8-3332] Sequential element (TC_CORE_I/TIMER_CONTROL_I/INPUT_DOUBLE_REGS3/GENERATE_LEVEL_P_S_CDC.SINGLE_BIT.CROSS_PLEVEL_IN2SCNDRY_s_level_out_d5) is unused and will be removed from module axi_timer.
INFO: [Synth 8-3332] Sequential element (TC_CORE_I/TIMER_CONTROL_I/INPUT_DOUBLE_REGS3/GENERATE_LEVEL_P_S_CDC.SINGLE_BIT.CROSS_PLEVEL_IN2SCNDRY_s_level_out_d6) is unused and will be removed from module axi_timer.
INFO: [Synth 8-3332] Sequential element (TC_CORE_I/TIMER_CONTROL_I/INPUT_DOUBLE_REGS/GENERATE_LEVEL_P_S_CDC.SINGLE_BIT.CROSS_PLEVEL_IN2SCNDRY_s_level_out_d5) is unused and will be removed from module axi_timer.
INFO: [Synth 8-3332] Sequential element (TC_CORE_I/TIMER_CONTROL_I/INPUT_DOUBLE_REGS/GENERATE_LEVEL_P_S_CDC.SINGLE_BIT.CROSS_PLEVEL_IN2SCNDRY_s_level_out_d6) is unused and will be removed from module axi_timer.
INFO: [Synth 8-3332] Sequential element (TC_CORE_I/TIMER_CONTROL_I/INPUT_DOUBLE_REGS2/GENERATE_LEVEL_P_S_CDC.SINGLE_BIT.CROSS_PLEVEL_IN2SCNDRY_s_level_out_d5) is unused and will be removed from module axi_timer.
INFO: [Synth 8-3332] Sequential element (TC_CORE_I/TIMER_CONTROL_I/INPUT_DOUBLE_REGS2/GENERATE_LEVEL_P_S_CDC.SINGLE_BIT.CROSS_PLEVEL_IN2SCNDRY_s_level_out_d6) is unused and will be removed from module axi_timer.
---------------------------------------------------------------------------------
Finished Cross Boundary and Area Optimization : Time (s): cpu = 00:00:35 ; elapsed = 00:00:54 . Memory (MB): peak = 2173.570 ; gain = 399.031 ; free physical = 165 ; free virtual = 4554
---------------------------------------------------------------------------------

Report RTL Partitions: 
+-+--------------+------------+----------+
| |RTL Partition |Replication |Instances |
+-+--------------+------------+----------+
+-+--------------+------------+----------+
---------------------------------------------------------------------------------
Start Applying XDC Timing Constraints
---------------------------------------------------------------------------------
---------------------------------------------------------------------------------
Finished Applying XDC Timing Constraints : Time (s): cpu = 00:00:52 ; elapsed = 00:01:15 . Memory (MB): peak = 2173.570 ; gain = 399.031 ; free physical = 409 ; free virtual = 4436
---------------------------------------------------------------------------------
---------------------------------------------------------------------------------
Start Timing Optimization
---------------------------------------------------------------------------------
---------------------------------------------------------------------------------
Finished Timing Optimization : Time (s): cpu = 00:00:55 ; elapsed = 00:01:22 . Memory (MB): peak = 2173.570 ; gain = 399.031 ; free physical = 2623 ; free virtual = 6655
---------------------------------------------------------------------------------

Report RTL Partitions: 
+-+--------------+------------+----------+
| |RTL Partition |Replication |Instances |
+-+--------------+------------+----------+
+-+--------------+------------+----------+
---------------------------------------------------------------------------------
Start Technology Mapping
---------------------------------------------------------------------------------
---------------------------------------------------------------------------------
Finished Technology Mapping : Time (s): cpu = 00:00:56 ; elapsed = 00:01:23 . Memory (MB): peak = 2173.570 ; gain = 399.031 ; free physical = 2622 ; free virtual = 6656
---------------------------------------------------------------------------------

Report RTL Partitions: 
+-+--------------+------------+----------+
| |RTL Partition |Replication |Instances |
+-+--------------+------------+----------+
+-+--------------+------------+----------+
---------------------------------------------------------------------------------
Start IO Insertion
---------------------------------------------------------------------------------
---------------------------------------------------------------------------------
Start Flattening Before IO Insertion
---------------------------------------------------------------------------------
---------------------------------------------------------------------------------
Finished Flattening Before IO Insertion
---------------------------------------------------------------------------------
---------------------------------------------------------------------------------
Start Final Netlist Cleanup
---------------------------------------------------------------------------------
---------------------------------------------------------------------------------
Finished Final Netlist Cleanup
---------------------------------------------------------------------------------
---------------------------------------------------------------------------------
Finished IO Insertion : Time (s): cpu = 00:01:00 ; elapsed = 00:01:32 . Memory (MB): peak = 2173.570 ; gain = 399.031 ; free physical = 2531 ; free virtual = 6585
---------------------------------------------------------------------------------

Report Check Netlist: 
+------+------------------+-------+---------+-------+------------------+
|      |Item              |Errors |Warnings |Status |Description       |
+------+------------------+-------+---------+-------+------------------+
|1     |multi_driven_nets |      0|        0|Passed |Multi driven nets |
+------+------------------+-------+---------+-------+------------------+
---------------------------------------------------------------------------------
Start Renaming Generated Instances
---------------------------------------------------------------------------------
---------------------------------------------------------------------------------
Finished Renaming Generated Instances : Time (s): cpu = 00:01:00 ; elapsed = 00:01:32 . Memory (MB): peak = 2173.570 ; gain = 399.031 ; free physical = 2531 ; free virtual = 6585
---------------------------------------------------------------------------------

Report RTL Partitions: 
+-+--------------+------------+----------+
| |RTL Partition |Replication |Instances |
+-+--------------+------------+----------+
+-+--------------+------------+----------+
---------------------------------------------------------------------------------
Start Rebuilding User Hierarchy
---------------------------------------------------------------------------------
---------------------------------------------------------------------------------
Finished Rebuilding User Hierarchy : Time (s): cpu = 00:01:00 ; elapsed = 00:01:33 . Memory (MB): peak = 2173.570 ; gain = 399.031 ; free physical = 2507 ; free virtual = 6562
---------------------------------------------------------------------------------
---------------------------------------------------------------------------------
Start Renaming Generated Ports
---------------------------------------------------------------------------------
---------------------------------------------------------------------------------
Finished Renaming Generated Ports : Time (s): cpu = 00:01:00 ; elapsed = 00:01:33 . Memory (MB): peak = 2173.570 ; gain = 399.031 ; free physical = 2506 ; free virtual = 6561
---------------------------------------------------------------------------------
---------------------------------------------------------------------------------
Start Handling Custom Attributes
---------------------------------------------------------------------------------
---------------------------------------------------------------------------------
Finished Handling Custom Attributes : Time (s): cpu = 00:01:00 ; elapsed = 00:01:34 . Memory (MB): peak = 2173.570 ; gain = 399.031 ; free physical = 2503 ; free virtual = 6557
---------------------------------------------------------------------------------
---------------------------------------------------------------------------------
Start Renaming Generated Nets
---------------------------------------------------------------------------------
---------------------------------------------------------------------------------
Finished Renaming Generated Nets : Time (s): cpu = 00:01:00 ; elapsed = 00:01:34 . Memory (MB): peak = 2173.570 ; gain = 399.031 ; free physical = 2502 ; free virtual = 6557
---------------------------------------------------------------------------------
---------------------------------------------------------------------------------
Start Writing Synthesis Report
---------------------------------------------------------------------------------

Report BlackBoxes: 
+-+--------------+----------+
| |BlackBox name |Instances |
+-+--------------+----------+
+-+--------------+----------+

Report Cell Usage: 
+------+-------+------+
|      |Cell   |Count |
+------+-------+------+
|1     |CARRY4 |    16|
|2     |LUT1   |     6|
|3     |LUT2   |    84|
|4     |LUT3   |   103|
|5     |LUT4   |    78|
|6     |LUT5   |    21|
|7     |LUT6   |    65|
|8     |MUXCY  |    64|
|9     |FDR    |    12|
|10    |FDRE   |   231|
|11    |FDSE   |     1|
+------+-------+------+

Report Instance Areas: 
+------+--------------------------------------------------------------------------+--------------------------+------+
|      |Instance                                                                  |Module                    |Cells |
+------+--------------------------------------------------------------------------+--------------------------+------+
|1     |top                                                                       |                          |   681|
|2     |  U0                                                                      |axi_timer                 |   681|
|3     |    AXI4_LITE_I                                                           |axi_lite_ipif             |   203|
|4     |      I_SLAVE_ATTACHMENT                                                  |slave_attachment          |   203|
|5     |        I_DECODER                                                         |address_decoder           |   131|
|6     |          \MEM_DECODE_GEN[0].PER_CE_GEN[0].MULTIPLE_CES_THIS_CS_GEN.CE_I  |pselect_f                 |     1|
|7     |          \MEM_DECODE_GEN[0].PER_CE_GEN[2].MULTIPLE_CES_THIS_CS_GEN.CE_I  |pselect_f__parameterized1 |     1|
|8     |          \MEM_DECODE_GEN[0].PER_CE_GEN[4].MULTIPLE_CES_THIS_CS_GEN.CE_I  |pselect_f__parameterized3 |     1|
|9     |          \MEM_DECODE_GEN[0].PER_CE_GEN[5].MULTIPLE_CES_THIS_CS_GEN.CE_I  |pselect_f__parameterized4 |     1|
|10    |          \MEM_DECODE_GEN[0].PER_CE_GEN[6].MULTIPLE_CES_THIS_CS_GEN.CE_I  |pselect_f__parameterized5 |     1|
|11    |          \MEM_DECODE_GEN[0].PER_CE_GEN[7].MULTIPLE_CES_THIS_CS_GEN.CE_I  |pselect_f__parameterized6 |     1|
|12    |    TC_CORE_I                                                             |tc_core                   |   478|
|13    |      COUNTER_0_I                                                         |count_module              |   139|
|14    |        COUNTER_I                                                         |counter_f_3               |   107|
|15    |      \GEN_SECOND_TIMER.COUNTER_1_I                                       |count_module_0            |   172|
|16    |        COUNTER_I                                                         |counter_f                 |   140|
|17    |      READ_MUX_I                                                          |mux_onehot_f              |    64|
|18    |      TIMER_CONTROL_I                                                     |timer_control             |   102|
|19    |        INPUT_DOUBLE_REGS                                                 |cdc_sync                  |     5|
|20    |        INPUT_DOUBLE_REGS2                                                |cdc_sync_1                |     5|
|21    |        INPUT_DOUBLE_REGS3                                                |cdc_sync_2                |    13|
+------+--------------------------------------------------------------------------+--------------------------+------+
---------------------------------------------------------------------------------
Finished Writing Synthesis Report : Time (s): cpu = 00:01:00 ; elapsed = 00:01:34 . Memory (MB): peak = 2173.570 ; gain = 399.031 ; free physical = 2502 ; free virtual = 6557
---------------------------------------------------------------------------------
Synthesis finished with 0 errors, 0 critical warnings and 4 warnings.
Synthesis Optimization Runtime : Time (s): cpu = 00:00:53 ; elapsed = 00:01:24 . Memory (MB): peak = 2173.570 ; gain = 219.375 ; free physical = 2535 ; free virtual = 6590
Synthesis Optimization Complete : Time (s): cpu = 00:01:01 ; elapsed = 00:01:34 . Memory (MB): peak = 2173.570 ; gain = 399.031 ; free physical = 2550 ; free virtual = 6605
INFO: [Project 1-571] Translating synthesized netlist
INFO: [Netlist 29-17] Analyzing 92 Unisim elements for replacement
INFO: [Netlist 29-28] Unisim Transformation completed in 0 CPU seconds
INFO: [Project 1-570] Preparing netlist for logic optimization
INFO: [Opt 31-138] Pushed 0 inverter(s) to 0 load pin(s).
Netlist sorting complete. Time (s): cpu = 00:00:00 ; elapsed = 00:00:00 . Memory (MB): peak = 2173.570 ; gain = 0.000 ; free physical = 2842 ; free virtual = 6928
INFO: [Project 1-111] Unisim Transformation Summary:
  A total of 44 instances were transformed.
  (MUXCY,XORCY) => CARRY4: 32 instances
  FDR => FDRE: 12 instances

INFO: [Common 17-83] Releasing license: Synthesis
196 Infos, 83 Warnings, 0 Critical Warnings and 0 Errors encountered.
synth_design completed successfully
synth_design: Time (s): cpu = 00:01:16 ; elapsed = 00:01:54 . Memory (MB): peak = 2173.570 ; gain = 655.926 ; free physical = 2924 ; free virtual = 7011
Netlist sorting complete. Time (s): cpu = 00:00:00 ; elapsed = 00:00:00 . Memory (MB): peak = 2173.570 ; gain = 0.000 ; free physical = 2923 ; free virtual = 7011
WARNING: [Constraints 18-5210] No constraints selected for write.
Resolution: This message can indicate that there are no constraints for the design, or it can indicate that the used_in flags are set such that the constraints are ignored. This later case is used when running synth_design to not write synthesis constraints to the resulting checkpoint. Instead, project constraints are read when the synthesized design is opened.
INFO: [Common 17-1381] The checkpoint '/home/fkrieger/Desktop/Aloha-HE/Aloha-HE_Kintex/Aloha-HE_Kintex.runs/AlohaHE_axi_timer_0_0_synth_1/AlohaHE_axi_timer_0_0.dcp' has been generated.
WARNING: [Common 17-576] 'use_project_ipc' is deprecated. This option is deprecated and no longer used.
INFO: [Coretcl 2-1648] Added synthesis output to IP cache for IP AlohaHE_axi_timer_0_0, cache-ID = 6ea06ddaa6db108b
INFO: [Coretcl 2-1174] Renamed 20 cell refs.
Netlist sorting complete. Time (s): cpu = 00:00:00 ; elapsed = 00:00:00 . Memory (MB): peak = 2197.582 ; gain = 0.000 ; free physical = 2916 ; free virtual = 7007
WARNING: [Constraints 18-5210] No constraints selected for write.
Resolution: This message can indicate that there are no constraints for the design, or it can indicate that the used_in flags are set such that the constraints are ignored. This later case is used when running synth_design to not write synthesis constraints to the resulting checkpoint. Instead, project constraints are read when the synthesized design is opened.
INFO: [Common 17-1381] The checkpoint '/home/fkrieger/Desktop/Aloha-HE/Aloha-HE_Kintex/Aloha-HE_Kintex.runs/AlohaHE_axi_timer_0_0_synth_1/AlohaHE_axi_timer_0_0.dcp' has been generated.
INFO: [runtcl-4] Executing : report_utilization -file AlohaHE_axi_timer_0_0_utilization_synth.rpt -pb AlohaHE_axi_timer_0_0_utilization_synth.pb
INFO: [Common 17-206] Exiting Vivado at Mon Oct 30 14:28:51 2023...
