Copyright 1986-2019 Xilinx, Inc. All Rights Reserved.
-------------------------------------------------------------------------------------------------------------------------------------------------------------------
| Tool Version     : Vivado v.2019.1 (lin64) Build 2552052 Fri May 24 14:47:09 MDT 2019
| Date             : Wed Nov  8 07:35:28 2023
| Host             : ipn075 running 64-bit Ubuntu 20.04.6 LTS
| Command          : report_power -file AlohaHE_wrapper_power_routed.rpt -pb AlohaHE_wrapper_power_summary_routed.pb -rpx AlohaHE_wrapper_power_routed.rpx
| Design           : AlohaHE_wrapper
| Device           : xc7z020clg400-1
| Design State     : routed
| Grade            : commercial
| Process          : typical
| Characterization : Production
-------------------------------------------------------------------------------------------------------------------------------------------------------------------

Power Report

Table of Contents
-----------------
1. Summary
1.1 On-Chip Components
1.2 Power Supply Summary
1.3 Confidence Level
2. Settings
2.1 Environment
2.2 Clock Constraints
3. Detailed Reports
3.1 By Hierarchy

1. Summary
----------

+--------------------------+--------------+
| Total On-Chip Power (W)  | 2.442        |
| Design Power Budget (W)  | Unspecified* |
| Power Budget Margin (W)  | NA           |
| Dynamic (W)              | 2.265        |
| Device Static (W)        | 0.177        |
| Effective TJA (C/W)      | 11.5         |
| Max Ambient (C)          | 56.8         |
| Junction Temperature (C) | 53.2         |
| Confidence Level         | Medium       |
| Setting File             | ---          |
| Simulation Activity File | ---          |
| Design Nets Matched      | NA           |
+--------------------------+--------------+
* Specify Design Power Budget using, set_operating_conditions -design_power_budget <value in Watts>


1.1 On-Chip Components
----------------------

+--------------------------+-----------+----------+-----------+-----------------+
| On-Chip                  | Power (W) | Used     | Available | Utilization (%) |
+--------------------------+-----------+----------+-----------+-----------------+
| Clocks                   |     0.121 |        3 |       --- |             --- |
| Slice Logic              |     0.219 |    41693 |       --- |             --- |
|   LUT as Logic           |     0.188 |    19802 |     53200 |           37.22 |
|   Register               |     0.015 |    17119 |    106400 |           16.09 |
|   CARRY4                 |     0.013 |     1495 |     13300 |           11.24 |
|   LUT as Distributed RAM |     0.003 |      468 |     17400 |            2.69 |
|   LUT as Shift Register  |    <0.001 |      325 |     17400 |            1.87 |
|   F7/F8 Muxes            |    <0.001 |      108 |     53200 |            0.20 |
|   Others                 |     0.000 |     1222 |       --- |             --- |
| Signals                  |     0.356 |    33317 |       --- |             --- |
| Block RAM                |     0.228 |       97 |       140 |           69.29 |
| DSPs                     |     0.075 |       56 |       220 |           25.45 |
| PS7                      |     1.267 |        1 |       --- |             --- |
| Static Power             |     0.177 |          |           |                 |
| Total                    |     2.442 |          |           |                 |
+--------------------------+-----------+----------+-----------+-----------------+


1.2 Power Supply Summary
------------------------

+-----------+-------------+-----------+-------------+------------+
| Source    | Voltage (V) | Total (A) | Dynamic (A) | Static (A) |
+-----------+-------------+-----------+-------------+------------+
| Vccint    |       1.000 |     1.006 |       0.980 |      0.026 |
| Vccaux    |       1.800 |     0.018 |       0.000 |      0.018 |
| Vcco33    |       3.300 |     0.000 |       0.000 |      0.000 |
| Vcco25    |       2.500 |     0.000 |       0.000 |      0.000 |
| Vcco18    |       1.800 |     0.000 |       0.000 |      0.000 |
| Vcco15    |       1.500 |     0.000 |       0.000 |      0.000 |
| Vcco135   |       1.350 |     0.000 |       0.000 |      0.000 |
| Vcco12    |       1.200 |     0.000 |       0.000 |      0.000 |
| Vccaux_io |       1.800 |     0.000 |       0.000 |      0.000 |
| Vccbram   |       1.000 |     0.028 |       0.019 |      0.010 |
| MGTAVcc   |       1.000 |     0.000 |       0.000 |      0.000 |
| MGTAVtt   |       1.200 |     0.000 |       0.000 |      0.000 |
| MGTVccaux |       1.800 |     0.000 |       0.000 |      0.000 |
| Vccpint   |       1.000 |     0.698 |       0.657 |      0.040 |
| Vccpaux   |       1.800 |     0.036 |       0.026 |      0.010 |
| Vccpll    |       1.800 |     0.017 |       0.014 |      0.003 |
| Vcco_ddr  |       1.500 |     0.354 |       0.352 |      0.002 |
| Vcco_mio0 |       3.300 |     0.003 |       0.002 |      0.001 |
| Vcco_mio1 |       1.800 |     0.003 |       0.002 |      0.001 |
| Vccadc    |       1.800 |     0.020 |       0.000 |      0.020 |
+-----------+-------------+-----------+-------------+------------+


1.3 Confidence Level
--------------------

+-----------------------------+------------+------------------------------------------------+------------------------------------------------------------------------------------------------------------+
| User Input Data             | Confidence | Details                                        | Action                                                                                                     |
+-----------------------------+------------+------------------------------------------------+------------------------------------------------------------------------------------------------------------+
| Design implementation state | High       | Design is routed                               |                                                                                                            |
| Clock nodes activity        | High       | User specified more than 95% of clocks         |                                                                                                            |
| I/O nodes activity          | High       | User specified more than 95% of inputs         |                                                                                                            |
| Internal nodes activity     | Medium     | User specified less than 25% of internal nodes | Provide missing internal nodes activity with simulation results or by editing the "By Resource Type" views |
| Device models               | High       | Device models are Production                   |                                                                                                            |
|                             |            |                                                |                                                                                                            |
| Overall confidence level    | Medium     |                                                |                                                                                                            |
+-----------------------------+------------+------------------------------------------------+------------------------------------------------------------------------------------------------------------+


2. Settings
-----------

2.1 Environment
---------------

+-----------------------+------------------------+
| Ambient Temp (C)      | 25.0                   |
| ThetaJA (C/W)         | 11.5                   |
| Airflow (LFM)         | 250                    |
| Heat Sink             | none                   |
| ThetaSA (C/W)         | 0.0                    |
| Board Selection       | medium (10"x10")       |
| # of Board Layers     | 8to11 (8 to 11 Layers) |
| Board Temperature (C) | 25.0                   |
+-----------------------+------------------------+


2.2 Clock Constraints
---------------------

+------------+------------------------------------------------------------+-----------------+
| Clock      | Domain                                                     | Constraint (ns) |
+------------+------------------------------------------------------------+-----------------+
| clk_fpga_0 | AlohaHE_i/processing_system7_0/inst/FCLK_CLK_unbuffered[0] |             7.7 |
+------------+------------------------------------------------------------+-----------------+


3. Detailed Reports
-------------------

3.1 By Hierarchy
----------------

+--------------------------+-----------+
| Name                     | Power (W) |
+--------------------------+-----------+
| AlohaHE_wrapper          |     2.265 |
|   AlohaHE_i              |     2.265 |
|     AXISlave8Ports_0     |     0.002 |
|       inst               |     0.002 |
|     ComputeCoreWrapper_0 |     0.954 |
|       inst               |     0.954 |
|     axi_bram_ctrl_0      |     0.010 |
|       U0                 |     0.010 |
|     axi_cdma_0           |     0.011 |
|       U0                 |     0.011 |
|     axi_interconnect_0   |     0.006 |
|       m01_couplers       |     0.003 |
|       xbar               |     0.003 |
|     processing_system7_0 |     1.268 |
|       inst               |     1.268 |
|     ps7_0_axi_periph     |     0.006 |
|       s00_couplers       |     0.006 |
|     ps7_0_axi_periph_1   |     0.006 |
|       s00_couplers       |     0.006 |
+--------------------------+-----------+


